Unity Editor version:    2022.3.5f1 (9674261d40ee)
Branch:                  2022.3/release
Build type:              Release
Batch mode:              YES
macOS version:           Version 14.0 (Build 23A344)
Darwin version:          23.0.0
Architecture:            arm64
Running under Rosetta:   NO
Available memory:        16384 MB
Using pre-set license
Pro License: YES

COMMAND LINE ARGUMENTS:
/Applications/Unity/Hub/Editor/2022.3.5f1/Unity.app/Contents/MacOS/Unity
-adb2
-batchMode
-noUpm
-name
AssetImportWorker2
-projectPath
/Users/seohangyeol/Documents/2023-1학기/졸업작품/UnityApp
-logFile
Logs/AssetImportWorker2.log
-srvPort
64068
Successfully changed project path to: /Users/seohangyeol/Documents/2023-1학기/졸업작품/UnityApp
/Users/seohangyeol/Documents/2023-1학기/졸업작품/UnityApp
[UnityMemory] Configuration Parameters - Can be set up in boot.config
    "memorysetup-bucket-allocator-granularity=16"
    "memorysetup-bucket-allocator-bucket-count=8"
    "memorysetup-bucket-allocator-block-size=33554432"
    "memorysetup-bucket-allocator-block-count=8"
    "memorysetup-main-allocator-block-size=16777216"
    "memorysetup-thread-allocator-block-size=16777216"
    "memorysetup-gfx-main-allocator-block-size=16777216"
    "memorysetup-gfx-thread-allocator-block-size=16777216"
    "memorysetup-cache-allocator-block-size=4194304"
    "memorysetup-typetree-allocator-block-size=2097152"
    "memorysetup-profiler-bucket-allocator-granularity=16"
    "memorysetup-profiler-bucket-allocator-bucket-count=8"
    "memorysetup-profiler-bucket-allocator-block-size=33554432"
    "memorysetup-profiler-bucket-allocator-block-count=8"
    "memorysetup-profiler-allocator-block-size=16777216"
    "memorysetup-profiler-editor-allocator-block-size=1048576"
    "memorysetup-temp-allocator-size-main=16777216"
    "memorysetup-job-temp-allocator-block-size=2097152"
    "memorysetup-job-temp-allocator-block-size-background=1048576"
    "memorysetup-job-temp-allocator-reduction-small-platforms=262144"
    "memorysetup-allocator-temp-initial-block-size-main=262144"
    "memorysetup-allocator-temp-initial-block-size-worker=262144"
    "memorysetup-temp-allocator-size-background-worker=32768"
    "memorysetup-temp-allocator-size-job-worker=262144"
    "memorysetup-temp-allocator-size-preload-manager=33554432"
    "memorysetup-temp-allocator-size-nav-mesh-worker=65536"
    "memorysetup-temp-allocator-size-audio-worker=65536"
    "memorysetup-temp-allocator-size-cloud-worker=32768"
    "memorysetup-temp-allocator-size-gi-baking-worker=262144"
    "memorysetup-temp-allocator-size-gfx=262144"
Player connection [8026755840] Host "[IP] 192.168.219.100 [Port] 0 [Flags] 2 [Guid] 1515835222 [EditorId] 1515835222 [Version] 1048832 [Id] OSXEditor(0,nonameui-MacBookPro.local) [Debug] 1 [PackageName] OSXEditor [ProjectName] Editor" joined multi-casting on [225.0.0.222:54997]...

Player connection [8026755840] Host "[IP] 192.168.219.100 [Port] 0 [Flags] 2 [Guid] 1515835222 [EditorId] 1515835222 [Version] 1048832 [Id] OSXEditor(0,nonameui-MacBookPro.local) [Debug] 1 [PackageName] OSXEditor [ProjectName] Editor" joined alternative multi-casting on [225.0.0.222:34997]...

Refreshing native plugins compatible for Editor in 15.40 ms, found 2 plugins.
Preloading 0 native plugins for Editor in 0.00 ms.
Initialize engine version: 2022.3.5f1 (9674261d40ee)
[Subsystems] Discovering subsystems at path /Applications/Unity/Hub/Editor/2022.3.5f1/Unity.app/Contents/Resources/UnitySubsystems
[Subsystems] Discovering subsystems at path /Users/seohangyeol/Documents/2023-1학기/졸업작품/UnityApp/Assets
GfxDevice: creating device client; threaded=0; jobified=0
 preferred device: Apple M1 Pro (high power)
Metal devices available: 1
0: Apple M1 Pro (high power)
Using device Apple M1 Pro (high power)
Initializing Metal device caps: Apple M1 Pro
Initialize mono
Mono path[0] = '/Applications/Unity/Hub/Editor/2022.3.5f1/Unity.app/Contents/Managed'
Mono path[1] = '/Applications/Unity/Hub/Editor/2022.3.5f1/Unity.app/Contents/MonoBleedingEdge/lib/mono/unityjit-macos'
Mono config path = '/Applications/Unity/Hub/Editor/2022.3.5f1/Unity.app/Contents/MonoBleedingEdge/etc'
Using monoOptions --debugger-agent=transport=dt_socket,embedding=1,server=y,suspend=n,address=127.0.0.1:56154
Begin MonoManager ReloadAssembly
Registering precompiled unity dll's ...
Register platform support module: /Applications/Unity/Hub/Editor/2022.3.5f1/Unity.app/Contents/PlaybackEngines/MacStandaloneSupport/UnityEditor.OSXStandalone.Extensions.dll
Register platform support module: /Applications/Unity/Hub/Editor/2022.3.5f1/PlaybackEngines/AndroidPlayer/UnityEditor.Android.Extensions.dll
Registered in 0.004897 seconds.
- Loaded All Assemblies, in  0.295 seconds
Native extension for Android target not found
Android Extension - Scanning For ADB Devices 90 ms
Native extension for OSXStandalone target not found
Mono: successfully reloaded assembly
- Finished resetting the current domain, in  0.325 seconds
Domain Reload Profiling: 620ms
	BeginReloadAssembly (89ms)
		ExecutionOrderSort (0ms)
		DisableScriptedObjects (0ms)
		BackupInstance (0ms)
		ReleaseScriptingObjects (0ms)
		CreateAndSetChildDomain (1ms)
	RebuildCommonClasses (29ms)
	RebuildNativeTypeToScriptingClass (10ms)
	initialDomainReloadingComplete (42ms)
	LoadAllAssembliesAndSetupDomain (126ms)
		LoadAssemblies (89ms)
		RebuildTransferFunctionScriptingTraits (0ms)
		AnalyzeDomain (123ms)
			TypeCache.Refresh (123ms)
				TypeCache.ScanAssembly (114ms)
			ScanForSourceGeneratedMonoScriptInfo (0ms)
			ResolveRequiredComponents (0ms)
	FinalizeReload (325ms)
		ReleaseScriptCaches (0ms)
		RebuildScriptCaches (0ms)
		SetupLoadedEditorAssemblies (279ms)
			LogAssemblyErrors (0ms)
			InitializePlatformSupportModulesInManaged (179ms)
			SetLoadedEditorAssemblies (3ms)
			RefreshPlugins (0ms)
			BeforeProcessingInitializeOnLoad (1ms)
			ProcessInitializeOnLoadAttributes (64ms)
			ProcessInitializeOnLoadMethodAttributes (31ms)
			AfterProcessingInitializeOnLoad (0ms)
			EditorAssembliesLoaded (0ms)
		ExecutionOrderSort2 (0ms)
		AwakeInstancesAfterBackupRestoration (0ms)
========================================================================
Worker process is ready to serve import requests
Begin MonoManager ReloadAssembly
Symbol file LoadedFromMemory doesn't match image /Users/seohangyeol/Documents/2023-1학기/졸업작품/UnityApp/Library/PackageCache/com.unity.visualscripting@1.8.0/Editor/VisualScripting.Core/Dependencies/YamlDotNet/Unity.VisualScripting.YamlDotNet.dll
Symbol file LoadedFromMemory doesn't match image /Users/seohangyeol/Documents/2023-1학기/졸업작품/UnityApp/Library/PackageCache/com.unity.visualscripting@1.8.0/Editor/VisualScripting.Core/Dependencies/DotNetZip/Unity.VisualScripting.IonicZip.dll
- Loaded All Assemblies, in  0.587 seconds
Refreshing native plugins compatible for Editor in 4.44 ms, found 2 plugins.
Native extension for Android target not found
Native extension for OSXStandalone target not found
Mono: successfully reloaded assembly
- Finished resetting the current domain, in  0.423 seconds
Domain Reload Profiling: 1010ms
	BeginReloadAssembly (91ms)
		ExecutionOrderSort (0ms)
		DisableScriptedObjects (4ms)
		BackupInstance (0ms)
		ReleaseScriptingObjects (0ms)
		CreateAndSetChildDomain (21ms)
	RebuildCommonClasses (28ms)
	RebuildNativeTypeToScriptingClass (10ms)
	initialDomainReloadingComplete (28ms)
	LoadAllAssembliesAndSetupDomain (429ms)
		LoadAssemblies (220ms)
		RebuildTransferFunctionScriptingTraits (0ms)
		AnalyzeDomain (247ms)
			TypeCache.Refresh (232ms)
				TypeCache.ScanAssembly (221ms)
			ScanForSourceGeneratedMonoScriptInfo (10ms)
			ResolveRequiredComponents (5ms)
	FinalizeReload (423ms)
		ReleaseScriptCaches (0ms)
		RebuildScriptCaches (0ms)
		SetupLoadedEditorAssemblies (293ms)
			LogAssemblyErrors (0ms)
			InitializePlatformSupportModulesInManaged (17ms)
			SetLoadedEditorAssemblies (5ms)
			RefreshPlugins (0ms)
			BeforeProcessingInitializeOnLoad (41ms)
			ProcessInitializeOnLoadAttributes (214ms)
			ProcessInitializeOnLoadMethodAttributes (15ms)
			AfterProcessingInitializeOnLoad (1ms)
			EditorAssembliesLoaded (0ms)
		ExecutionOrderSort2 (0ms)
		AwakeInstancesAfterBackupRestoration (3ms)
Launching external process: /Applications/Unity/Hub/Editor/2022.3.5f1/Unity.app/Contents/Tools/UnityShaderCompiler
Launched and connected shader compiler UnityShaderCompiler after 0.06 seconds
Refreshing native plugins compatible for Editor in 1.79 ms, found 2 plugins.
Preloading 0 native plugins for Editor in 0.00 ms.
Unloading 3456 Unused Serialized files (Serialized files now loaded: 0)
Unloading 45 unused Assets / (58.2 KB). Loaded Objects now: 3917.
Memory consumption went from 142.5 MB to 142.4 MB.
Total: 2.712916 ms (FindLiveObjects: 0.112750 ms CreateObjectMapping: 0.051541 ms MarkObjects: 2.432042 ms  DeleteObjects: 0.115875 ms)

AssetImportParameters requested are different than current active one (requested -> active):
  custom:container-demuxer-ogg: 62fdf1f143b41e24485cea50d1cbac27 -> 
  custom:video-decoder-ogg-theora: a1e56fd34408186e4bbccfd4996cb3dc -> 
  custom:CustomObjectIndexerAttribute: 756ad292c208cfabdd7b50bc23989ffe -> 
  custom:container-demuxer-webm: 4f35f7cbe854078d1ac9338744f61a02 -> 
  custom:container-muxer-webm: aa71ff27fc2769a1b78a27578f13a17b -> 
  custom:video-decoder-webm-vp8: 9c59270c3fd7afecdb556c50c9e8de78 -> 
  custom:AudioImporter_EditorPlatform: 3918e3fc78b5a79bad01e8451be0beb8 -> 
  custom:framework-osx-AVFoundation: e770b220cccbd017edd2c1fefb359320 -> 
  custom:video-encoder-webm-vp8: eb34c28f22e8b96e1ab97ce403110664 -> 
  custom:audio-decoder-ogg-vorbis: bf7c407c2cedff20999df2af8eb42d56 -> 
  custom:audio-encoder-webm-vorbis: bf7c407c2cedff20999df2af8eb42d56 -> 
========================================================================
Received Import Request.
  Time since last request: 198508.558545 seconds.
  path: Assets/NRSDK/Scripts/Subsystems/Trackable/Provider
  artifactKey: Guid(9b6bcff17071a3946ac1d993950fae49) Importer(2089858483,0ecaa5967403d082aa24f35e1b516d23)
Start importing Assets/NRSDK/Scripts/Subsystems/Trackable/Provider using Guid(9b6bcff17071a3946ac1d993950fae49) Importer(2089858483,0ecaa5967403d082aa24f35e1b516d23)  -> (artifact id: 'f70030170ddf38db0f6f810ea0241a7e') in 0.047696 seconds
Number of updated asset objects reloaded before import = 0
Number of asset objects unloaded after import = 1
========================================================================
Received Import Request.
  Time since last request: 0.000115 seconds.
  path: Assets/NRSDK/Plugins/Android
  artifactKey: Guid(9d82f2c2062755d41b1710df41ff25b0) Importer(2089858483,0ecaa5967403d082aa24f35e1b516d23)
Start importing Assets/NRSDK/Plugins/Android using Guid(9d82f2c2062755d41b1710df41ff25b0) Importer(2089858483,0ecaa5967403d082aa24f35e1b516d23)  -> (artifact id: 'aa69da2eb10cf83588ac5d68ec41bcf9') in 0.001756 seconds
Number of updated asset objects reloaded before import = 0
Number of asset objects unloaded after import = 1
========================================================================
Received Import Request.
  Time since last request: 0.000115 seconds.
  path: Assets/NRSDK/Editor/Scripts/Emulator/NRTrackableImagetAccessor.cs
  artifactKey: Guid(4b18181df5038a649871eb0f78e5958b) Importer(2089858483,0ecaa5967403d082aa24f35e1b516d23)
Start importing Assets/NRSDK/Editor/Scripts/Emulator/NRTrackableImagetAccessor.cs using Guid(4b18181df5038a649871eb0f78e5958b) Importer(2089858483,0ecaa5967403d082aa24f35e1b516d23)  -> (artifact id: '9b5eb698d514831a62850fdd257ccefb') in 0.023766 seconds
Number of updated asset objects reloaded before import = 0
Number of asset objects unloaded after import = 1
========================================================================
Received Import Request.
  Time since last request: 0.000201 seconds.
  path: Assets/NRSDK/Demos/HelloMR/Logo/Models
  artifactKey: Guid(ca7d42b7f68011249ba817b20a16b3ae) Importer(2089858483,0ecaa5967403d082aa24f35e1b516d23)
Start importing Assets/NRSDK/Demos/HelloMR/Logo/Models using Guid(ca7d42b7f68011249ba817b20a16b3ae) Importer(2089858483,0ecaa5967403d082aa24f35e1b516d23)  -> (artifact id: '951a45bc600d8dd252301355c2ae6732') in 0.004374 seconds
Number of updated asset objects reloaded before import = 0
Number of asset objects unloaded after import = 1
========================================================================
Received Import Request.
  Time since last request: 0.000614 seconds.
  path: Assets/NRSDK/Scripts/Camera/Proxy
  artifactKey: Guid(e992350219394b04991860fffd822632) Importer(2089858483,0ecaa5967403d082aa24f35e1b516d23)
Start importing Assets/NRSDK/Scripts/Camera/Proxy using Guid(e992350219394b04991860fffd822632) Importer(2089858483,0ecaa5967403d082aa24f35e1b516d23)  -> (artifact id: '73f6f0c884467c24646e0dc3b82763d9') in 0.002208 seconds
Number of updated asset objects reloaded before import = 0
Number of asset objects unloaded after import = 1
========================================================================
Received Import Request.
  Time since last request: 0.000253 seconds.
  path: Assets/NRSDK/Scripts/Utility/ObjectPool.cs
  artifactKey: Guid(d0c0e4df673232843af4d7915b127808) Importer(2089858483,0ecaa5967403d082aa24f35e1b516d23)
Start importing Assets/NRSDK/Scripts/Utility/ObjectPool.cs using Guid(d0c0e4df673232843af4d7915b127808) Importer(2089858483,0ecaa5967403d082aa24f35e1b516d23)  -> (artifact id: '55473aebdf4f184d8711f96c0b813d56') in 0.002777 seconds
Number of updated asset objects reloaded before import = 0
Number of asset objects unloaded after import = 1
========================================================================
Received Import Request.
  Time since last request: 0.000106 seconds.
  path: Assets/NRSDK/Editor/Scripts/ScriptOrderManager.cs
  artifactKey: Guid(0567dd3ed87360948b701f2cb37499b1) Importer(2089858483,0ecaa5967403d082aa24f35e1b516d23)
Start importing Assets/NRSDK/Editor/Scripts/ScriptOrderManager.cs using Guid(0567dd3ed87360948b701f2cb37499b1) Importer(2089858483,0ecaa5967403d082aa24f35e1b516d23)  -> (artifact id: '919973c027274ce3cb34e147ec0b921a') in 0.004316 seconds
Number of updated asset objects reloaded before import = 0
Number of asset objects unloaded after import = 1
========================================================================
Received Import Request.
  Time since last request: 0.000098 seconds.
  path: Assets/NRSDK/Scripts/Interfaces/Types/NativeMat3f.cs
  artifactKey: Guid(fb0cc735baf448d4f9ffa91142a424bf) Importer(2089858483,0ecaa5967403d082aa24f35e1b516d23)
Start importing Assets/NRSDK/Scripts/Interfaces/Types/NativeMat3f.cs using Guid(fb0cc735baf448d4f9ffa91142a424bf) Importer(2089858483,0ecaa5967403d082aa24f35e1b516d23)  -> (artifact id: '70a57b8d0951f8e371f5c6228b0663f2') in 0.002606 seconds
Number of updated asset objects reloaded before import = 0
Number of asset objects unloaded after import = 1
========================================================================
Received Import Request.
  Time since last request: 0.000193 seconds.
  path: Assets/Plugins/Android/AndroidManifest.xml
  artifactKey: Guid(0727debaaf7ed6048bf7449926a3e53a) Importer(2089858483,0ecaa5967403d082aa24f35e1b516d23)
Start importing Assets/Plugins/Android/AndroidManifest.xml using Guid(0727debaaf7ed6048bf7449926a3e53a) Importer(2089858483,0ecaa5967403d082aa24f35e1b516d23)  -> (artifact id: '11505df0bb2dee19336a89718f5e2728') in 0.001951 seconds
Number of updated asset objects reloaded before import = 0
Number of asset objects unloaded after import = 1
========================================================================
Received Import Request.
  Time since last request: 0.000121 seconds.
  path: Assets/Academic_Icon.png
  artifactKey: Guid(72c5a5401f3d0e84086f14ccb94aaeac) Importer(2089858483,0ecaa5967403d082aa24f35e1b516d23)
Start importing Assets/Academic_Icon.png using Guid(72c5a5401f3d0e84086f14ccb94aaeac) Importer(2089858483,0ecaa5967403d082aa24f35e1b516d23)  -> (artifact id: '13d553c7589051a159482f3d81a48056') in 0.048199 seconds
Number of updated asset objects reloaded before import = 0
Number of asset objects unloaded after import = 3
========================================================================
Received Import Request.
  Time since last request: 0.000088 seconds.
  path: Assets/NRSDK/Scripts/Capture/Models/CameraParameters.cs
  artifactKey: Guid(f4a0fc1acb3bcf34b916609a1bebfa44) Importer(2089858483,0ecaa5967403d082aa24f35e1b516d23)
Start importing Assets/NRSDK/Scripts/Capture/Models/CameraParameters.cs using Guid(f4a0fc1acb3bcf34b916609a1bebfa44) Importer(2089858483,0ecaa5967403d082aa24f35e1b516d23)  -> (artifact id: '17982ef30e28a6ae3e169edf5c951ed3') in 0.003492 seconds
Number of updated asset objects reloaded before import = 0
Number of asset objects unloaded after import = 1
========================================================================
Received Import Request.
  Time since last request: 0.000103 seconds.
  path: Assets/NRSDK/Demos/Meshing.unity
  artifactKey: Guid(843bcf8f6426488479e1c5ed31583774) Importer(2089858483,0ecaa5967403d082aa24f35e1b516d23)
Start importing Assets/NRSDK/Demos/Meshing.unity using Guid(843bcf8f6426488479e1c5ed31583774) Importer(2089858483,0ecaa5967403d082aa24f35e1b516d23)  -> (artifact id: '3bac4ba69a5b41b763dbe82901954a78') in 0.001709 seconds
Number of updated asset objects reloaded before import = 0
Number of asset objects unloaded after import = 1
========================================================================
Received Import Request.
  Time since last request: 0.000153 seconds.
  path: Assets/NRSDK/Models/Hands/RightHand.prefab
  artifactKey: Guid(93b87c769d1c05e43ab02dfb51941ba6) Importer(2089858483,0ecaa5967403d082aa24f35e1b516d23)
Start importing Assets/NRSDK/Models/Hands/RightHand.prefab using Guid(93b87c769d1c05e43ab02dfb51941ba6) Importer(2089858483,0ecaa5967403d082aa24f35e1b516d23)  -> (artifact id: 'c65b2e679b4df312a6aacf0c5b500397') in 0.014978 seconds
Number of updated asset objects reloaded before import = 0
Number of asset objects unloaded after import = 53
========================================================================
Received Import Request.
  Time since last request: 0.000096 seconds.
  path: Assets/NRSDK/Scripts/Capture/Encoder
  artifactKey: Guid(c810bc27d61de284fa6c8168a6152b0a) Importer(2089858483,0ecaa5967403d082aa24f35e1b516d23)
Start importing Assets/NRSDK/Scripts/Capture/Encoder using Guid(c810bc27d61de284fa6c8168a6152b0a) Importer(2089858483,0ecaa5967403d082aa24f35e1b516d23)  -> (artifact id: 'dc7be6c864a4f35ad42385aa9b8690b9') in 0.001469 seconds
Number of updated asset objects reloaded before import = 0
Number of asset objects unloaded after import = 1
========================================================================
Received Import Request.
  Time since last request: 0.000095 seconds.
  path: Assets/NRSDK/Scripts/Subsystems/NRSubsystemManager.cs
  artifactKey: Guid(0881b75bdedf4d94394a1da2dadc820c) Importer(2089858483,0ecaa5967403d082aa24f35e1b516d23)
Start importing Assets/NRSDK/Scripts/Subsystems/NRSubsystemManager.cs using Guid(0881b75bdedf4d94394a1da2dadc820c) Importer(2089858483,0ecaa5967403d082aa24f35e1b516d23)  -> (artifact id: '2c88ba5b512fbc7184c71bf5d5a25936') in 0.002896 seconds
Number of updated asset objects reloaded before import = 0
Number of asset objects unloaded after import = 1
========================================================================
Received Import Request.
  Time since last request: 0.000081 seconds.
  path: Assets/NRSDK/Demos/TrackingImage/Materials/Frame/FrameUpperRight.obj
  artifactKey: Guid(72a7c3ddfe10740bba966d9a6f05202b) Importer(2089858483,0ecaa5967403d082aa24f35e1b516d23)
Start importing Assets/NRSDK/Demos/TrackingImage/Materials/Frame/FrameUpperRight.obj using Guid(72a7c3ddfe10740bba966d9a6f05202b) Importer(2089858483,0ecaa5967403d082aa24f35e1b516d23)  -> (artifact id: 'b392baa654af205a7f0d1e7192dae2b5') in 0.023701 seconds
Number of updated asset objects reloaded before import = 0
Number of asset objects unloaded after import = 9
========================================================================
Received Import Request.
  Time since last request: 0.000107 seconds.
  path: Assets/NRSDK/Demos/Input-Interaction.unity
  artifactKey: Guid(82b6b95ba2d629541bef6bd4247a6f60) Importer(2089858483,0ecaa5967403d082aa24f35e1b516d23)
Start importing Assets/NRSDK/Demos/Input-Interaction.unity using Guid(82b6b95ba2d629541bef6bd4247a6f60) Importer(2089858483,0ecaa5967403d082aa24f35e1b516d23)  -> (artifact id: 'cfc3d3ba3efb22e20d5ec23ca4043b15') in 0.001873 seconds
Number of updated asset objects reloaded before import = 0
Number of asset objects unloaded after import = 1
========================================================================
Received Import Request.
  Time since last request: 0.000086 seconds.
  path: Assets/NRSDK/Scripts/NRProjectConfig.cs
  artifactKey: Guid(7a1762186822e43a7a4a471f83f53761) Importer(2089858483,0ecaa5967403d082aa24f35e1b516d23)
Start importing Assets/NRSDK/Scripts/NRProjectConfig.cs using Guid(7a1762186822e43a7a4a471f83f53761) Importer(2089858483,0ecaa5967403d082aa24f35e1b516d23)  -> (artifact id: 'cd69ee9e10942d3c2d6cabedeef9da29') in 0.002646 seconds
Number of updated asset objects reloaded before import = 0
Number of asset objects unloaded after import = 1
========================================================================
Received Import Request.
  Time since last request: 0.000168 seconds.
  path: Assets/NRSDK/Editor/Scripts/Emulator
  artifactKey: Guid(7bcd80ba6b828864a908f54a9400b793) Importer(2089858483,0ecaa5967403d082aa24f35e1b516d23)
Start importing Assets/NRSDK/Editor/Scripts/Emulator using Guid(7bcd80ba6b828864a908f54a9400b793) Importer(2089858483,0ecaa5967403d082aa24f35e1b516d23)  -> (artifact id: '3236c081740cccfb881ec827b63c3c0a') in 0.001751 seconds
Number of updated asset objects reloaded before import = 0
Number of asset objects unloaded after import = 1
========================================================================
Received Import Request.
  Time since last request: 0.000106 seconds.
  path: Assets/NRSDK/Emulator/Scripts/NativeEmulator.cs
  artifactKey: Guid(ce3c07bc8399a6c4b843b91cf99f75fa) Importer(2089858483,0ecaa5967403d082aa24f35e1b516d23)
Start importing Assets/NRSDK/Emulator/Scripts/NativeEmulator.cs using Guid(ce3c07bc8399a6c4b843b91cf99f75fa) Importer(2089858483,0ecaa5967403d082aa24f35e1b516d23)  -> (artifact id: '9a3f67fde79c59e3f3a0938fa998d844') in 0.003247 seconds
Number of updated asset objects reloaded before import = 0
Number of asset objects unloaded after import = 1
========================================================================
Received Import Request.
  Time since last request: 0.000177 seconds.
  path: Assets/NRSDK/Editor/CLI
  artifactKey: Guid(997c65242b988604296b4999b15e94c6) Importer(2089858483,0ecaa5967403d082aa24f35e1b516d23)
Start importing Assets/NRSDK/Editor/CLI using Guid(997c65242b988604296b4999b15e94c6) Importer(2089858483,0ecaa5967403d082aa24f35e1b516d23)  -> (artifact id: 'd45a95f2856a86f0203c6538b54a193a') in 0.001453 seconds
Number of updated asset objects reloaded before import = 0
Number of asset objects unloaded after import = 1
========================================================================
Received Import Request.
  Time since last request: 0.000114 seconds.
  path: Assets/NRSDK/Demos/HelloMR/Scripts/EnsureSlamTrackingMode.cs
  artifactKey: Guid(23b22513ecb359649a034f9f596fe448) Importer(2089858483,0ecaa5967403d082aa24f35e1b516d23)
Start importing Assets/NRSDK/Demos/HelloMR/Scripts/EnsureSlamTrackingMode.cs using Guid(23b22513ecb359649a034f9f596fe448) Importer(2089858483,0ecaa5967403d082aa24f35e1b516d23)  -> (artifact id: '79d2739ad6eaf2aaecb1b8cd5159518a') in 0.002876 seconds
Number of updated asset objects reloaded before import = 0
Number of asset objects unloaded after import = 1
========================================================================
Received Import Request.
  Time since last request: 0.000133 seconds.
  path: Assets/NRSDK/Resources/NRUI/NRHomeMenu.prefab
  artifactKey: Guid(d6005b83f3ae09a4eb9469c3e32bab5f) Importer(2089858483,0ecaa5967403d082aa24f35e1b516d23)
Start importing Assets/NRSDK/Resources/NRUI/NRHomeMenu.prefab using Guid(d6005b83f3ae09a4eb9469c3e32bab5f) Importer(2089858483,0ecaa5967403d082aa24f35e1b516d23)  -> (artifact id: '527387309581d2abc6cb8f3d68a8f039') in 0.017251 seconds
Number of updated asset objects reloaded before import = 0
Number of asset objects unloaded after import = 47
========================================================================
Received Import Request.
  Time since last request: 0.000044 seconds.
  path: Assets/NRSDK/Emulator/Scripts/NRTrackableImageBehaviour.cs
  artifactKey: Guid(a44b45893e913d04691bfb88b56a5dff) Importer(2089858483,0ecaa5967403d082aa24f35e1b516d23)
Start importing Assets/NRSDK/Emulator/Scripts/NRTrackableImageBehaviour.cs using Guid(a44b45893e913d04691bfb88b56a5dff) Importer(2089858483,0ecaa5967403d082aa24f35e1b516d23)  -> (artifact id: '4a32bbeb6b7deed02dd855bedab10e60') in 0.005016 seconds
Number of updated asset objects reloaded before import = 0
Number of asset objects unloaded after import = 1
========================================================================
Received Import Request.
  Time since last request: 0.023820 seconds.
  path: Assets/NRSDK/Materials/Hands/joint_ball.mat
  artifactKey: Guid(80c308f79a5ad3c489687e70fcff316b) Importer(2089858483,0ecaa5967403d082aa24f35e1b516d23)
Start importing Assets/NRSDK/Materials/Hands/joint_ball.mat using Guid(80c308f79a5ad3c489687e70fcff316b) Importer(2089858483,0ecaa5967403d082aa24f35e1b516d23)  -> (artifact id: '77922499d3069fc74e1f917df5626b4c') in 0.008959 seconds
Number of updated asset objects reloaded before import = 0
Number of asset objects unloaded after import = 1
========================================================================
Received Import Request.
  Time since last request: 0.000155 seconds.
  path: Assets/NRSDK/Demos/HelloMR.unity
  artifactKey: Guid(dd74f1c9685ef48499229d4957b58000) Importer(2089858483,0ecaa5967403d082aa24f35e1b516d23)
Start importing Assets/NRSDK/Demos/HelloMR.unity using Guid(dd74f1c9685ef48499229d4957b58000) Importer(2089858483,0ecaa5967403d082aa24f35e1b516d23)  -> (artifact id: 'f96f391d2c3f2cbf7ecdd336f29239c7') in 0.001672 seconds
Number of updated asset objects reloaded before import = 0
Number of asset objects unloaded after import = 1
========================================================================
Received Import Request.
  Time since last request: 0.000167 seconds.
  path: Assets/NRSDK/Scripts/Subsystems/Trackable/NRPlaneSubsystem.cs
  artifactKey: Guid(4332701f9e1b6974eb0c9767fa6d19f2) Importer(2089858483,0ecaa5967403d082aa24f35e1b516d23)
Start importing Assets/NRSDK/Scripts/Subsystems/Trackable/NRPlaneSubsystem.cs using Guid(4332701f9e1b6974eb0c9767fa6d19f2) Importer(2089858483,0ecaa5967403d082aa24f35e1b516d23)  -> (artifact id: '2e38f2fce65a9cf55fae6ac84c9f6fce') in 0.002697 seconds
Number of updated asset objects reloaded before import = 0
Number of asset objects unloaded after import = 1
========================================================================
Received Import Request.
  Time since last request: 0.000119 seconds.
  path: Assets/NRSDK/Scripts/Interfaces/Types/GlassesDisconnectReason.cs
  artifactKey: Guid(1a75a89b01365304da66ca29eb972ec3) Importer(2089858483,0ecaa5967403d082aa24f35e1b516d23)
Start importing Assets/NRSDK/Scripts/Interfaces/Types/GlassesDisconnectReason.cs using Guid(1a75a89b01365304da66ca29eb972ec3) Importer(2089858483,0ecaa5967403d082aa24f35e1b516d23)  -> (artifact id: '1b4a98e21a152641555a5e54a3a89809') in 0.002453 seconds
Number of updated asset objects reloaded before import = 0
Number of asset objects unloaded after import = 1
========================================================================
Received Import Request.
  Time since last request: 0.000131 seconds.
  path: Assets/NRSDK/Materials/Hands
  artifactKey: Guid(e849ec7d362b6684b81f81465445b3c1) Importer(2089858483,0ecaa5967403d082aa24f35e1b516d23)
Start importing Assets/NRSDK/Materials/Hands using Guid(e849ec7d362b6684b81f81465445b3c1) Importer(2089858483,0ecaa5967403d082aa24f35e1b516d23)  -> (artifact id: 'f699d97bf2387dc3982a5ea61240be0a') in 0.001669 seconds
Number of updated asset objects reloaded before import = 0
Number of asset objects unloaded after import = 1
========================================================================
Received Import Request.
  Time since last request: 0.000100 seconds.
  path: Assets/NRSDK/Scripts/Capture/Encoder/VideoEncoder.cs
  artifactKey: Guid(1e8ce1a7ee459b543a4cbb172fc63539) Importer(2089858483,0ecaa5967403d082aa24f35e1b516d23)
Start importing Assets/NRSDK/Scripts/Capture/Encoder/VideoEncoder.cs using Guid(1e8ce1a7ee459b543a4cbb172fc63539) Importer(2089858483,0ecaa5967403d082aa24f35e1b516d23)  -> (artifact id: 'eb463a74641755ab43770a02837873f7') in 0.003182 seconds
Number of updated asset objects reloaded before import = 0
Number of asset objects unloaded after import = 1
========================================================================
Received Import Request.
  Time since last request: 0.000110 seconds.
  path: Assets/NRSDK/Demos/Meshing/Editor
  artifactKey: Guid(b2db4a62cc7d31e4cbc693fbc3bea8c4) Importer(2089858483,0ecaa5967403d082aa24f35e1b516d23)
Start importing Assets/NRSDK/Demos/Meshing/Editor using Guid(b2db4a62cc7d31e4cbc693fbc3bea8c4) Importer(2089858483,0ecaa5967403d082aa24f35e1b516d23)  -> (artifact id: '3dbb43a980da21aec4588213377ea12d') in 0.001730 seconds
Number of updated asset objects reloaded before import = 0
Number of asset objects unloaded after import = 1
========================================================================
Received Import Request.
  Time since last request: 0.000599 seconds.
  path: Assets/NRSDK/Emulator/Scripts/NREmulatorController.cs
  artifactKey: Guid(8948600e8052bd647bc3dbc905d543f3) Importer(2089858483,0ecaa5967403d082aa24f35e1b516d23)
Start importing Assets/NRSDK/Emulator/Scripts/NREmulatorController.cs using Guid(8948600e8052bd647bc3dbc905d543f3) Importer(2089858483,0ecaa5967403d082aa24f35e1b516d23)  -> (artifact id: '63c7dc330242518c4f1bc477fd1cd403') in 0.002568 seconds
Number of updated asset objects reloaded before import = 0
Number of asset objects unloaded after import = 1
========================================================================
Received Import Request.
  Time since last request: 0.000093 seconds.
  path: Assets/NRSDK/Scripts/Utility/ConversionUtility.cs
  artifactKey: Guid(28146909dceb57247ad4172aec02d9ed) Importer(2089858483,0ecaa5967403d082aa24f35e1b516d23)
Start importing Assets/NRSDK/Scripts/Utility/ConversionUtility.cs using Guid(28146909dceb57247ad4172aec02d9ed) Importer(2089858483,0ecaa5967403d082aa24f35e1b516d23)  -> (artifact id: '43540a32c8a15c1fde52f6203efeffd1') in 0.003209 seconds
Number of updated asset objects reloaded before import = 0
Number of asset objects unloaded after import = 1
========================================================================
Received Import Request.
  Time since last request: 0.000131 seconds.
  path: Assets/NRSDK/Demos/HandTracking/ArtResources
  artifactKey: Guid(dded620016577da43be9f62628749e85) Importer(2089858483,0ecaa5967403d082aa24f35e1b516d23)
Start importing Assets/NRSDK/Demos/HandTracking/ArtResources using Guid(dded620016577da43be9f62628749e85) Importer(2089858483,0ecaa5967403d082aa24f35e1b516d23)  -> (artifact id: '9a36f775a26e36195aaa046e3fab3306') in 0.001830 seconds
Number of updated asset objects reloaded before import = 0
Number of asset objects unloaded after import = 1
========================================================================
Received Import Request.
  Time since last request: 0.000029 seconds.
  path: Assets/NRSDK/Prefabs/NRInput.prefab
  artifactKey: Guid(ad152f08ed7eb6e4abd93376a0203e38) Importer(2089858483,0ecaa5967403d082aa24f35e1b516d23)
Start importing Assets/NRSDK/Prefabs/NRInput.prefab using Guid(ad152f08ed7eb6e4abd93376a0203e38) Importer(2089858483,0ecaa5967403d082aa24f35e1b516d23)  -> (artifact id: '51330664fdeca0aaf2a9295a52fd175f') in 0.012324 seconds
Number of updated asset objects reloaded before import = 0
Number of asset objects unloaded after import = 73
========================================================================
Received Import Request.
  Time since last request: 0.000039 seconds.
  path: Assets/NRSDK/Scripts/Interfaces/Wrappers/NativeCamera.cs
  artifactKey: Guid(b2cc826f9602da042be6f25baa1cd6f1) Importer(2089858483,0ecaa5967403d082aa24f35e1b516d23)
Start importing Assets/NRSDK/Scripts/Interfaces/Wrappers/NativeCamera.cs using Guid(b2cc826f9602da042be6f25baa1cd6f1) Importer(2089858483,0ecaa5967403d082aa24f35e1b516d23)  -> (artifact id: 'adf24ef590359605b136689e30549717') in 0.002819 seconds
Number of updated asset objects reloaded before import = 0
Number of asset objects unloaded after import = 1
========================================================================
Received Import Request.
  Time since last request: 0.000094 seconds.
  path: Assets/NRSDK/Demos/HelloMR/Resources/LostTrackingTip.prefab
  artifactKey: Guid(0e68335b21b047d48877131228486aa9) Importer(2089858483,0ecaa5967403d082aa24f35e1b516d23)
Start importing Assets/NRSDK/Demos/HelloMR/Resources/LostTrackingTip.prefab using Guid(0e68335b21b047d48877131228486aa9) Importer(2089858483,0ecaa5967403d082aa24f35e1b516d23)  -> (artifact id: '83bc0a5bfe0aba34b3a7468b9bf9c903') in 0.008209 seconds
Number of updated asset objects reloaded before import = 0
Number of asset objects unloaded after import = 13
========================================================================
Received Import Request.
  Time since last request: 0.000089 seconds.
  path: Assets/NRSDK/Demos/Meshing/Materials/BouncyMaterial.physicMaterial
  artifactKey: Guid(91726b09150f65f4797f4b1b0db2cc9a) Importer(2089858483,0ecaa5967403d082aa24f35e1b516d23)
Start importing Assets/NRSDK/Demos/Meshing/Materials/BouncyMaterial.physicMaterial using Guid(91726b09150f65f4797f4b1b0db2cc9a) Importer(2089858483,0ecaa5967403d082aa24f35e1b516d23)  -> (artifact id: '4d3f41e93f914963af3fc1c0e684f52b') in 0.002814 seconds
Number of updated asset objects reloaded before import = 0
Number of asset objects unloaded after import = 1
========================================================================
Received Import Request.
  Time since last request: 0.000045 seconds.
  path: Assets/NRSDK/Plugins/LitJson/JsonException.cs
  artifactKey: Guid(bff7b6ddfdba8024d901862cc2ca22e1) Importer(2089858483,0ecaa5967403d082aa24f35e1b516d23)
Start importing Assets/NRSDK/Plugins/LitJson/JsonException.cs using Guid(bff7b6ddfdba8024d901862cc2ca22e1) Importer(2089858483,0ecaa5967403d082aa24f35e1b516d23)  -> (artifact id: 'c7ee6116c758a1fcee7c1c15df1f945e') in 0.002689 seconds
Number of updated asset objects reloaded before import = 0
Number of asset objects unloaded after import = 1
========================================================================
Received Import Request.
  Time since last request: 0.000183 seconds.
  path: Assets/NRSDK/Demos/RGBCamera-Record.unity
  artifactKey: Guid(372f49325786d554ea3a2306e1178303) Importer(2089858483,0ecaa5967403d082aa24f35e1b516d23)
Start importing Assets/NRSDK/Demos/RGBCamera-Record.unity using Guid(372f49325786d554ea3a2306e1178303) Importer(2089858483,0ecaa5967403d082aa24f35e1b516d23)  -> (artifact id: 'fa6579c20ca9b2c02b161e5500b9a9cf') in 0.001911 seconds
Number of updated asset objects reloaded before import = 0
Number of asset objects unloaded after import = 1
========================================================================
Received Import Request.
  Time since last request: 0.000105 seconds.
  path: Assets/NRSDK/Demos/HandTracking.unity
  artifactKey: Guid(7d33c4a3bc8da9745acac0e1d62c44bf) Importer(2089858483,0ecaa5967403d082aa24f35e1b516d23)
Start importing Assets/NRSDK/Demos/HandTracking.unity using Guid(7d33c4a3bc8da9745acac0e1d62c44bf) Importer(2089858483,0ecaa5967403d082aa24f35e1b516d23)  -> (artifact id: '813392d9a39c99cc53473f742379ce17') in 0.003812 seconds
Number of updated asset objects reloaded before import = 0
Number of asset objects unloaded after import = 1
========================================================================
Received Import Request.
  Time since last request: 0.000157 seconds.
  path: Assets/NRSDK/Scripts/Input/Controller/ControllerProviders
  artifactKey: Guid(cecb0e1a4e8279d4e8942cb8cb8cd187) Importer(2089858483,0ecaa5967403d082aa24f35e1b516d23)
Start importing Assets/NRSDK/Scripts/Input/Controller/ControllerProviders using Guid(cecb0e1a4e8279d4e8942cb8cb8cd187) Importer(2089858483,0ecaa5967403d082aa24f35e1b516d23)  -> (artifact id: 'fcf6fe5ae556179f419341cb2dee1d76') in 0.001628 seconds
Number of updated asset objects reloaded before import = 0
Number of asset objects unloaded after import = 1
========================================================================
Received Import Request.
  Time since last request: 0.000064 seconds.
  path: Assets/NRSDK/Resources/Record/Prefabs/NRCaptureBehaviour.prefab
  artifactKey: Guid(f67604e50e5f8124c91eaae66be0c143) Importer(2089858483,0ecaa5967403d082aa24f35e1b516d23)
Start importing Assets/NRSDK/Resources/Record/Prefabs/NRCaptureBehaviour.prefab using Guid(f67604e50e5f8124c91eaae66be0c143) Importer(2089858483,0ecaa5967403d082aa24f35e1b516d23)  -> (artifact id: '1b4608bcd422bc282b739f6ec4331440') in 0.004956 seconds
Number of updated asset objects reloaded before import = 0
Number of asset objects unloaded after import = 11
========================================================================
Received Import Request.
  Time since last request: 0.000060 seconds.
  path: Assets/NRSDK/Scripts/Subsystems/HeadTracking
  artifactKey: Guid(134be02ea84711a4ca891ca21f5024c4) Importer(2089858483,0ecaa5967403d082aa24f35e1b516d23)
Start importing Assets/NRSDK/Scripts/Subsystems/HeadTracking using Guid(134be02ea84711a4ca891ca21f5024c4) Importer(2089858483,0ecaa5967403d082aa24f35e1b516d23)  -> (artifact id: '5ea636f5128f0221c7c3c364cef4b33c') in 0.001736 seconds
Number of updated asset objects reloaded before import = 0
Number of asset objects unloaded after import = 1
========================================================================
Received Import Request.
  Time since last request: 0.000109 seconds.
  path: Assets/NRSDK/Scripts/Camera/Provider/ICameraDataProvider.cs
  artifactKey: Guid(de745b9e9d26e714d9f4b2251a5be0f7) Importer(2089858483,0ecaa5967403d082aa24f35e1b516d23)
Start importing Assets/NRSDK/Scripts/Camera/Provider/ICameraDataProvider.cs using Guid(de745b9e9d26e714d9f4b2251a5be0f7) Importer(2089858483,0ecaa5967403d082aa24f35e1b516d23)  -> (artifact id: '0706a60c1f3e47b742580dcea91d6143') in 0.002522 seconds
Number of updated asset objects reloaded before import = 0
Number of asset objects unloaded after import = 1
========================================================================
Received Import Request.
  Time since last request: 0.000171 seconds.
  path: Assets/NRSDK/Scripts/Interfaces/Wrappers/NativeMultiDisplay.cs
  artifactKey: Guid(60eda3bcce263844dbe08068d6f08b4f) Importer(2089858483,0ecaa5967403d082aa24f35e1b516d23)
Start importing Assets/NRSDK/Scripts/Interfaces/Wrappers/NativeMultiDisplay.cs using Guid(60eda3bcce263844dbe08068d6f08b4f) Importer(2089858483,0ecaa5967403d082aa24f35e1b516d23)  -> (artifact id: 'cb5f9380482e85fad4291421acb1b80b') in 0.002540 seconds
Number of updated asset objects reloaded before import = 0
Number of asset objects unloaded after import = 1
========================================================================
Received Import Request.
  Time since last request: 0.000246 seconds.
  path: Assets/NRSDK/Scripts/Subsystems/HeadTracking/Provider/ITrackingDataProvider.cs
  artifactKey: Guid(9d3c2e1d304a51e4c9118f0d8a417c8b) Importer(2089858483,0ecaa5967403d082aa24f35e1b516d23)
Start importing Assets/NRSDK/Scripts/Subsystems/HeadTracking/Provider/ITrackingDataProvider.cs using Guid(9d3c2e1d304a51e4c9118f0d8a417c8b) Importer(2089858483,0ecaa5967403d082aa24f35e1b516d23)  -> (artifact id: '9ef846c3dd3f35ef82cd0ae789175c89') in 0.003431 seconds
Number of updated asset objects reloaded before import = 0
Number of asset objects unloaded after import = 1
========================================================================
Received Import Request.
  Time since last request: 0.000395 seconds.
  path: Assets/NRSDK/Scripts/Capture/NRVideoCapture.cs
  artifactKey: Guid(253e3c8aa9d3bd041bf4536ca7f53097) Importer(2089858483,0ecaa5967403d082aa24f35e1b516d23)
Start importing Assets/NRSDK/Scripts/Capture/NRVideoCapture.cs using Guid(253e3c8aa9d3bd041bf4536ca7f53097) Importer(2089858483,0ecaa5967403d082aa24f35e1b516d23)  -> (artifact id: '11ddfd7028014031d6d7284c2003e704') in 0.002849 seconds
Number of updated asset objects reloaded before import = 0
Number of asset objects unloaded after import = 1
========================================================================
Received Import Request.
  Time since last request: 0.000425 seconds.
  path: Assets/NRSDK/Scripts/Input/Controller/ControllerProviderFactory.cs
  artifactKey: Guid(22eb53558fab43a479d5f23f79044701) Importer(2089858483,0ecaa5967403d082aa24f35e1b516d23)
Start importing Assets/NRSDK/Scripts/Input/Controller/ControllerProviderFactory.cs using Guid(22eb53558fab43a479d5f23f79044701) Importer(2089858483,0ecaa5967403d082aa24f35e1b516d23)  -> (artifact id: '1c535635aba2acfcccb7aa930b4e1cca') in 0.003708 seconds
Number of updated asset objects reloaded before import = 0
Number of asset objects unloaded after import = 1
========================================================================
Received Import Request.
  Time since last request: 0.001513 seconds.
  path: Assets/NRSDK/Emulator/Resources/Prefabs/NREmulatorHeadPose.prefab
  artifactKey: Guid(f93abd335190b1e41836394bb8e431d0) Importer(2089858483,0ecaa5967403d082aa24f35e1b516d23)
Start importing Assets/NRSDK/Emulator/Resources/Prefabs/NREmulatorHeadPose.prefab using Guid(f93abd335190b1e41836394bb8e431d0) Importer(2089858483,0ecaa5967403d082aa24f35e1b516d23)  -> (artifact id: 'c3b3d90509be8c31df2ce768b845759d') in 0.004197 seconds
Number of updated asset objects reloaded before import = 0
Number of asset objects unloaded after import = 5
========================================================================
Received Import Request.
  Time since last request: 0.395985 seconds.
  path: Assets/NRSDK/Scripts/NRNotificationWindow.cs
  artifactKey: Guid(c4772acea209c764fbb7286f4bfe5aec) Importer(2089858483,0ecaa5967403d082aa24f35e1b516d23)
Start importing Assets/NRSDK/Scripts/NRNotificationWindow.cs using Guid(c4772acea209c764fbb7286f4bfe5aec) Importer(2089858483,0ecaa5967403d082aa24f35e1b516d23)  -> (artifact id: 'c325a55e0e03b5486353d61cbd3a4316') in 0.002786 seconds
Number of updated asset objects reloaded before import = 0
Number of asset objects unloaded after import = 1
========================================================================
Received Import Request.
  Time since last request: 0.000124 seconds.
  path: Assets/NRSDK/Demos/TrackingImage/Materials/Frame/Frame Material.mat
  artifactKey: Guid(457696d2cf54b4f558c12777332919a2) Importer(2089858483,0ecaa5967403d082aa24f35e1b516d23)
Start importing Assets/NRSDK/Demos/TrackingImage/Materials/Frame/Frame Material.mat using Guid(457696d2cf54b4f558c12777332919a2) Importer(2089858483,0ecaa5967403d082aa24f35e1b516d23)  -> (artifact id: '2ce4954b6c77fbbfcc0698c89030fba4') in 0.379607 seconds
Number of updated asset objects reloaded before import = 0
Number of asset objects unloaded after import = 2
========================================================================
Received Import Request.
  Time since last request: 0.203010 seconds.
  path: Assets/NRSDK/Plugins/LitJson/JsonReader.cs
  artifactKey: Guid(7778b8c42260e4445bbb0fc7f8277fc2) Importer(2089858483,0ecaa5967403d082aa24f35e1b516d23)
Start importing Assets/NRSDK/Plugins/LitJson/JsonReader.cs using Guid(7778b8c42260e4445bbb0fc7f8277fc2) Importer(2089858483,0ecaa5967403d082aa24f35e1b516d23)  -> (artifact id: 'e496b290090d639a2717fdc60bccd199') in 0.002603 seconds
Number of updated asset objects reloaded before import = 0
Number of asset objects unloaded after import = 1
========================================================================
Received Import Request.
  Time since last request: 0.000112 seconds.
  path: Assets/NRSDK/Scripts/Interfaces/Wrappers/NativeHandTracking.cs
  artifactKey: Guid(1f38e77defb14514b893a00a46d0dc63) Importer(2089858483,0ecaa5967403d082aa24f35e1b516d23)
Start importing Assets/NRSDK/Scripts/Interfaces/Wrappers/NativeHandTracking.cs using Guid(1f38e77defb14514b893a00a46d0dc63) Importer(2089858483,0ecaa5967403d082aa24f35e1b516d23)  -> (artifact id: 'e28b2705f8ace19325310f26f9280714') in 0.003301 seconds
Number of updated asset objects reloaded before import = 0
Number of asset objects unloaded after import = 1
========================================================================
Received Import Request.
  Time since last request: 0.000448 seconds.
  path: Assets/NRSDK/Emulator/Resources
  artifactKey: Guid(e77762a0948c5f0409c41e272c6bf227) Importer(2089858483,0ecaa5967403d082aa24f35e1b516d23)
Start importing Assets/NRSDK/Emulator/Resources using Guid(e77762a0948c5f0409c41e272c6bf227) Importer(2089858483,0ecaa5967403d082aa24f35e1b516d23)  -> (artifact id: '40c8b7a874e24806bbc4d1ed363f02dd') in 0.001690 seconds
Number of updated asset objects reloaded before import = 0
Number of asset objects unloaded after import = 1
========================================================================
Received Import Request.
  Time since last request: 0.000139 seconds.
  path: Assets/NRSDK/Demos/ThirdPartySlam.unity
  artifactKey: Guid(a57c23b6fcc48402691a7ea964c80eb9) Importer(2089858483,0ecaa5967403d082aa24f35e1b516d23)
Start importing Assets/NRSDK/Demos/ThirdPartySlam.unity using Guid(a57c23b6fcc48402691a7ea964c80eb9) Importer(2089858483,0ecaa5967403d082aa24f35e1b516d23)  -> (artifact id: '4027d6faca63a1e18e8eea44681726f9') in 0.001936 seconds
Number of updated asset objects reloaded before import = 0
Number of asset objects unloaded after import = 1
========================================================================
Received Import Request.
  Time since last request: 0.000048 seconds.
  path: Assets/NRSDK/Demos/RGBCamera/Prefabs
  artifactKey: Guid(7856a6b76b28de24cb83a65dfb656c8f) Importer(2089858483,0ecaa5967403d082aa24f35e1b516d23)
Start importing Assets/NRSDK/Demos/RGBCamera/Prefabs using Guid(7856a6b76b28de24cb83a65dfb656c8f) Importer(2089858483,0ecaa5967403d082aa24f35e1b516d23)  -> (artifact id: '3d328f8c5fe34316f0bcfe0f4232a76a') in 0.001629 seconds
Number of updated asset objects reloaded before import = 0
Number of asset objects unloaded after import = 1
========================================================================
Received Import Request.
  Time since last request: 0.000427 seconds.
  path: Assets/NRSDK/Scripts/Input/EventSystem/NRLaserVisual.cs
  artifactKey: Guid(bf3983bc83ca1d248aa880cd64e474dc) Importer(2089858483,0ecaa5967403d082aa24f35e1b516d23)
Start importing Assets/NRSDK/Scripts/Input/EventSystem/NRLaserVisual.cs using Guid(bf3983bc83ca1d248aa880cd64e474dc) Importer(2089858483,0ecaa5967403d082aa24f35e1b516d23)  -> (artifact id: 'c7a8755bc96023798912d3d6cd1f1f45') in 0.002397 seconds
Number of updated asset objects reloaded before import = 0
Number of asset objects unloaded after import = 1
========================================================================
Received Import Request.
  Time since last request: 0.000111 seconds.
  path: Assets/NRSDK/Scripts/NRSessionBehaviour.cs
  artifactKey: Guid(e143cd77ac2aace40af826fca22209a4) Importer(2089858483,0ecaa5967403d082aa24f35e1b516d23)
Start importing Assets/NRSDK/Scripts/NRSessionBehaviour.cs using Guid(e143cd77ac2aace40af826fca22209a4) Importer(2089858483,0ecaa5967403d082aa24f35e1b516d23)  -> (artifact id: 'c1bbf0cb9cca27f63dc10da793bb1977') in 0.003585 seconds
Number of updated asset objects reloaded before import = 0
Number of asset objects unloaded after import = 1
========================================================================
Received Import Request.
  Time since last request: 0.000178 seconds.
  path: Assets/NRSDK/Materials/Hands/simple_capsule.mat
  artifactKey: Guid(7f5392f041264d84c9b4ee4e4fcc5597) Importer(2089858483,0ecaa5967403d082aa24f35e1b516d23)
Start importing Assets/NRSDK/Materials/Hands/simple_capsule.mat using Guid(7f5392f041264d84c9b4ee4e4fcc5597) Importer(2089858483,0ecaa5967403d082aa24f35e1b516d23)  -> (artifact id: '2a9e812ddc084a50ddc0961e3f47763a') in 0.003084 seconds
Number of updated asset objects reloaded before import = 0
Number of asset objects unloaded after import = 1
========================================================================
Received Import Request.
  Time since last request: 0.000097 seconds.
  path: Assets/NRSDK/Scripts/Capture/FrameBlender
  artifactKey: Guid(97de5c9e3dbb79448b9c8baa356e1af5) Importer(2089858483,0ecaa5967403d082aa24f35e1b516d23)
Start importing Assets/NRSDK/Scripts/Capture/FrameBlender using Guid(97de5c9e3dbb79448b9c8baa356e1af5) Importer(2089858483,0ecaa5967403d082aa24f35e1b516d23)  -> (artifact id: '2e465f88836eba00f348730873ed5058') in 0.001659 seconds
Number of updated asset objects reloaded before import = 0
Number of asset objects unloaded after import = 1
========================================================================
Received Import Request.
  Time since last request: 0.000105 seconds.
  path: Assets/NRSDK/Scripts/NRHomeMenu.cs
  artifactKey: Guid(49465c4e6f2f23b4bab2fda86f463ab7) Importer(2089858483,0ecaa5967403d082aa24f35e1b516d23)
Start importing Assets/NRSDK/Scripts/NRHomeMenu.cs using Guid(49465c4e6f2f23b4bab2fda86f463ab7) Importer(2089858483,0ecaa5967403d082aa24f35e1b516d23)  -> (artifact id: 'ccfea129a76b3b4a9abee12301d2568f') in 0.002629 seconds
Number of updated asset objects reloaded before import = 0
Number of asset objects unloaded after import = 1
========================================================================
Received Import Request.
  Time since last request: 0.000084 seconds.
  path: Assets/NRSDK/Scripts/Trackable/NRTrackable.cs
  artifactKey: Guid(98cd3f5967a03804fb897a0cd2e4a82a) Importer(2089858483,0ecaa5967403d082aa24f35e1b516d23)
Start importing Assets/NRSDK/Scripts/Trackable/NRTrackable.cs using Guid(98cd3f5967a03804fb897a0cd2e4a82a) Importer(2089858483,0ecaa5967403d082aa24f35e1b516d23)  -> (artifact id: '6d66e9f0020fd7832e451b7ff4b9ee1a') in 0.003391 seconds
Number of updated asset objects reloaded before import = 0
Number of asset objects unloaded after import = 1
========================================================================
Received Import Request.
  Time since last request: 0.000116 seconds.
  path: Assets/NRSDK/Demos/ThirdPartySlam/Scripts/SlamProviderSimulator.cs
  artifactKey: Guid(2add69a5bf9b74992bc2eab77a27ce93) Importer(2089858483,0ecaa5967403d082aa24f35e1b516d23)
Start importing Assets/NRSDK/Demos/ThirdPartySlam/Scripts/SlamProviderSimulator.cs using Guid(2add69a5bf9b74992bc2eab77a27ce93) Importer(2089858483,0ecaa5967403d082aa24f35e1b516d23)  -> (artifact id: '9f005ab3838f84def0e2371ea61b26e9') in 0.002670 seconds
Number of updated asset objects reloaded before import = 0
Number of asset objects unloaded after import = 1
========================================================================
Received Import Request.
  Time since last request: 0.000173 seconds.
  path: Assets/NRSDK/Demos/TrackingImage/Prefabs/Axis.prefab
  artifactKey: Guid(4ec1154c02e11f44f958508ea836b680) Importer(2089858483,0ecaa5967403d082aa24f35e1b516d23)
Start importing Assets/NRSDK/Demos/TrackingImage/Prefabs/Axis.prefab using Guid(4ec1154c02e11f44f958508ea836b680) Importer(2089858483,0ecaa5967403d082aa24f35e1b516d23)  -> (artifact id: 'c6e23eb677f9bb7e952f79d726246f4f') in 0.006611 seconds
Number of updated asset objects reloaded before import = 0
Number of asset objects unloaded after import = 7
========================================================================
Received Import Request.
  Time since last request: 0.000122 seconds.
  path: Assets/NRSDK/Scripts/Trackable/NRTrackableImage.cs
  artifactKey: Guid(f92ef487c1ab7884b962c41ab21650a7) Importer(2089858483,0ecaa5967403d082aa24f35e1b516d23)
Start importing Assets/NRSDK/Scripts/Trackable/NRTrackableImage.cs using Guid(f92ef487c1ab7884b962c41ab21650a7) Importer(2089858483,0ecaa5967403d082aa24f35e1b516d23)  -> (artifact id: '395e78aad115430344f42da53813592a') in 0.002759 seconds
Number of updated asset objects reloaded before import = 0
Number of asset objects unloaded after import = 1
========================================================================
Received Import Request.
  Time since last request: 0.000077 seconds.
  path: Assets/NRSDK/Scripts/NRRgbCamera.cs
  artifactKey: Guid(683225b8c171b9a48ab21794c3f4b3c7) Importer(2089858483,0ecaa5967403d082aa24f35e1b516d23)
Start importing Assets/NRSDK/Scripts/NRRgbCamera.cs using Guid(683225b8c171b9a48ab21794c3f4b3c7) Importer(2089858483,0ecaa5967403d082aa24f35e1b516d23)  -> (artifact id: 'ad8544bd201c6e81b2b72babecb35645') in 0.002766 seconds
Number of updated asset objects reloaded before import = 0
Number of asset objects unloaded after import = 1
========================================================================
Received Import Request.
  Time since last request: 0.000118 seconds.
  path: Assets/NRSDK/Scripts/Input/Controller/PhoneControllerDisplay/NRPhoneDisplayReplayceTool.cs
  artifactKey: Guid(a8f7eb4af7fa7a84ea34275a97509f27) Importer(2089858483,0ecaa5967403d082aa24f35e1b516d23)
Start importing Assets/NRSDK/Scripts/Input/Controller/PhoneControllerDisplay/NRPhoneDisplayReplayceTool.cs using Guid(a8f7eb4af7fa7a84ea34275a97509f27) Importer(2089858483,0ecaa5967403d082aa24f35e1b516d23)  -> (artifact id: '807720577de175fce1599ee2acc45611') in 0.003464 seconds
Number of updated asset objects reloaded before import = 0
Number of asset objects unloaded after import = 1
========================================================================
Received Import Request.
  Time since last request: 0.000098 seconds.
  path: Assets/NRSDK/Scripts/Interfaces/Types/TrackableType.cs
  artifactKey: Guid(5af831093f090bc42941aae889143db1) Importer(2089858483,0ecaa5967403d082aa24f35e1b516d23)
Start importing Assets/NRSDK/Scripts/Interfaces/Types/TrackableType.cs using Guid(5af831093f090bc42941aae889143db1) Importer(2089858483,0ecaa5967403d082aa24f35e1b516d23)  -> (artifact id: '34ffa61380d1114c6abd21629ad5fa36') in 0.002353 seconds
Number of updated asset objects reloaded before import = 0
Number of asset objects unloaded after import = 1
========================================================================
Received Import Request.
  Time since last request: 0.000157 seconds.
  path: Assets/NRSDK/Scripts/NRTrackingModeChangedListener.cs
  artifactKey: Guid(cd4a23c9576feaa40bf9f43be0b697d9) Importer(2089858483,0ecaa5967403d082aa24f35e1b516d23)
Start importing Assets/NRSDK/Scripts/NRTrackingModeChangedListener.cs using Guid(cd4a23c9576feaa40bf9f43be0b697d9) Importer(2089858483,0ecaa5967403d082aa24f35e1b516d23)  -> (artifact id: 'aa7498ecf74e3d696207c3c7b079cf62') in 0.003101 seconds
Number of updated asset objects reloaded before import = 0
Number of asset objects unloaded after import = 1
========================================================================
Received Import Request.
  Time since last request: 0.000108 seconds.
  path: Assets/NRSDK/Emulator/Materials/Plane.mat
  artifactKey: Guid(35fe3f5cbef08464f9949f866f72331e) Importer(2089858483,0ecaa5967403d082aa24f35e1b516d23)
Start importing Assets/NRSDK/Emulator/Materials/Plane.mat using Guid(35fe3f5cbef08464f9949f866f72331e) Importer(2089858483,0ecaa5967403d082aa24f35e1b516d23)  -> (artifact id: '435343954e00809f8933d76f92b9640a') in 0.005283 seconds
Number of updated asset objects reloaded before import = 0
Number of asset objects unloaded after import = 2
========================================================================
Received Import Request.
  Time since last request: 0.000045 seconds.
  path: Assets/NRSDK/Scripts/Managers/NRSessionManager.cs
  artifactKey: Guid(5c5d53d5ba27e1f4f8f7c7918b668adf) Importer(2089858483,0ecaa5967403d082aa24f35e1b516d23)
Start importing Assets/NRSDK/Scripts/Managers/NRSessionManager.cs using Guid(5c5d53d5ba27e1f4f8f7c7918b668adf) Importer(2089858483,0ecaa5967403d082aa24f35e1b516d23)  -> (artifact id: '834804de970fff34936a19998ff607ba') in 0.002616 seconds
Number of updated asset objects reloaded before import = 0
Number of asset objects unloaded after import = 1
========================================================================
Received Import Request.
  Time since last request: 0.000198 seconds.
  path: Assets/NRSDK/Scripts/Input/Controller/ControllerStateParsers
  artifactKey: Guid(a5d34aad2b8146947a3b5cf160a20ee5) Importer(2089858483,0ecaa5967403d082aa24f35e1b516d23)
Start importing Assets/NRSDK/Scripts/Input/Controller/ControllerStateParsers using Guid(a5d34aad2b8146947a3b5cf160a20ee5) Importer(2089858483,0ecaa5967403d082aa24f35e1b516d23)  -> (artifact id: 'fd75f7c5875705048afb5e4fee6b035f') in 0.002054 seconds
Number of updated asset objects reloaded before import = 0
Number of asset objects unloaded after import = 1
========================================================================
Received Import Request.
  Time since last request: 0.000371 seconds.
  path: Assets/NRSDK/Demos/HelloMR/Scripts/ChangeModeController.cs
  artifactKey: Guid(6deb9c5fb35cd8744a326094bd8a0a40) Importer(2089858483,0ecaa5967403d082aa24f35e1b516d23)
Start importing Assets/NRSDK/Demos/HelloMR/Scripts/ChangeModeController.cs using Guid(6deb9c5fb35cd8744a326094bd8a0a40) Importer(2089858483,0ecaa5967403d082aa24f35e1b516d23)  -> (artifact id: '31ee635c3b7bcbfd3ab3cf6bd3d4cb40') in 0.002764 seconds
Number of updated asset objects reloaded before import = 0
Number of asset objects unloaded after import = 1
========================================================================
Received Import Request.
  Time since last request: 0.000550 seconds.
  path: Assets/NRSDK/Scripts/Subsystems/HeadTracking/Provider/NRTrackingDataProvider.cs
  artifactKey: Guid(ea4456ae73695344bbed202952047623) Importer(2089858483,0ecaa5967403d082aa24f35e1b516d23)
Start importing Assets/NRSDK/Scripts/Subsystems/HeadTracking/Provider/NRTrackingDataProvider.cs using Guid(ea4456ae73695344bbed202952047623) Importer(2089858483,0ecaa5967403d082aa24f35e1b516d23)  -> (artifact id: '7a04b0a35cf33c04ed2791285077775a') in 0.003610 seconds
Number of updated asset objects reloaded before import = 0
Number of asset objects unloaded after import = 1
========================================================================
Received Import Request.
  Time since last request: 0.000121 seconds.
  path: Assets/NRSDK/Scripts/Capture/Models/PhotoCaptureFrame.cs
  artifactKey: Guid(0297b19e6a3e2f241989cc326a561a30) Importer(2089858483,0ecaa5967403d082aa24f35e1b516d23)
Start importing Assets/NRSDK/Scripts/Capture/Models/PhotoCaptureFrame.cs using Guid(0297b19e6a3e2f241989cc326a561a30) Importer(2089858483,0ecaa5967403d082aa24f35e1b516d23)  -> (artifact id: 'dfa170f8ef8c990472eeb08d84d6aa06') in 0.002716 seconds
Number of updated asset objects reloaded before import = 0
Number of asset objects unloaded after import = 1
========================================================================
Received Import Request.
  Time since last request: 0.000150 seconds.
  path: Assets/NRSDK/Demos/HelloMR/Materials/Textures
  artifactKey: Guid(442c7002ba8e0ca47820bce27dec8d41) Importer(2089858483,0ecaa5967403d082aa24f35e1b516d23)
Start importing Assets/NRSDK/Demos/HelloMR/Materials/Textures using Guid(442c7002ba8e0ca47820bce27dec8d41) Importer(2089858483,0ecaa5967403d082aa24f35e1b516d23)  -> (artifact id: '1c51c13d5a3b73dd31958fdfb94ea2e1') in 0.001619 seconds
Number of updated asset objects reloaded before import = 0
Number of asset objects unloaded after import = 1
========================================================================
Received Import Request.
  Time since last request: 0.000072 seconds.
  path: Assets/NRSDK/Emulator/Scripts/NREmulatorHeadPose.cs
  artifactKey: Guid(82c4f5d7b1dcfd3419290ee68aca1069) Importer(2089858483,0ecaa5967403d082aa24f35e1b516d23)
Start importing Assets/NRSDK/Emulator/Scripts/NREmulatorHeadPose.cs using Guid(82c4f5d7b1dcfd3419290ee68aca1069) Importer(2089858483,0ecaa5967403d082aa24f35e1b516d23)  -> (artifact id: '7b6aeaaaec625761a1deacafe4110f49') in 0.002829 seconds
Number of updated asset objects reloaded before import = 0
Number of asset objects unloaded after import = 1
========================================================================
Received Import Request.
  Time since last request: 0.000127 seconds.
  path: Assets/NRSDK/Scripts/Camera/Model/FrameRawData.cs
  artifactKey: Guid(55d2392178ab85b489c5b7f91997be41) Importer(2089858483,0ecaa5967403d082aa24f35e1b516d23)
Start importing Assets/NRSDK/Scripts/Camera/Model/FrameRawData.cs using Guid(55d2392178ab85b489c5b7f91997be41) Importer(2089858483,0ecaa5967403d082aa24f35e1b516d23)  -> (artifact id: '17ce7d6fa5ece41f42c053d1257ad8c1') in 0.003528 seconds
Number of updated asset objects reloaded before import = 0
Number of asset objects unloaded after import = 1
========================================================================
Received Import Request.
  Time since last request: 0.000138 seconds.
  path: Assets/NRSDK/Scripts/Interfaces
  artifactKey: Guid(1d5c751ec3db44679b0a2efd745a4e35) Importer(2089858483,0ecaa5967403d082aa24f35e1b516d23)
Start importing Assets/NRSDK/Scripts/Interfaces using Guid(1d5c751ec3db44679b0a2efd745a4e35) Importer(2089858483,0ecaa5967403d082aa24f35e1b516d23)  -> (artifact id: 'eba0c98ca7ec9568fe0339321b46fd4e') in 0.001644 seconds
Number of updated asset objects reloaded before import = 0
Number of asset objects unloaded after import = 1
========================================================================
Received Import Request.
  Time since last request: 0.000121 seconds.
  path: Assets/NRSDK/Demos/HelloMR/Scripts/CameraSmoothFollow.cs
  artifactKey: Guid(a3c7906c48f0cd94393196c6c9f7cab3) Importer(2089858483,0ecaa5967403d082aa24f35e1b516d23)
Start importing Assets/NRSDK/Demos/HelloMR/Scripts/CameraSmoothFollow.cs using Guid(a3c7906c48f0cd94393196c6c9f7cab3) Importer(2089858483,0ecaa5967403d082aa24f35e1b516d23)  -> (artifact id: '429c84cc60813071bbdc430278369b75') in 0.002523 seconds
Number of updated asset objects reloaded before import = 0
Number of asset objects unloaded after import = 1
========================================================================
Received Import Request.
  Time since last request: 0.000157 seconds.
  path: Assets/NRSDK/Demos/Record/Scripts/PhotoCaptureExample.cs
  artifactKey: Guid(355a0ee0615ce2344a6a77d870791d24) Importer(2089858483,0ecaa5967403d082aa24f35e1b516d23)
Start importing Assets/NRSDK/Demos/Record/Scripts/PhotoCaptureExample.cs using Guid(355a0ee0615ce2344a6a77d870791d24) Importer(2089858483,0ecaa5967403d082aa24f35e1b516d23)  -> (artifact id: '4777f7e21c211c2e3cc0afd2b8222e3f') in 0.002739 seconds
Number of updated asset objects reloaded before import = 0
Number of asset objects unloaded after import = 1
========================================================================
Received Import Request.
  Time since last request: 0.000209 seconds.
  path: Assets/NRSDK/Demos/HandTracking/Textures
  artifactKey: Guid(54d21f6234fa8744bb8b7f8529ae915a) Importer(2089858483,0ecaa5967403d082aa24f35e1b516d23)
Start importing Assets/NRSDK/Demos/HandTracking/Textures using Guid(54d21f6234fa8744bb8b7f8529ae915a) Importer(2089858483,0ecaa5967403d082aa24f35e1b516d23)  -> (artifact id: 'f85a11dd1098c8a2b66f2d7c60d8dfb4') in 0.001784 seconds
Number of updated asset objects reloaded before import = 0
Number of asset objects unloaded after import = 1
========================================================================
Received Import Request.
  Time since last request: 0.000114 seconds.
  path: Assets/NRSDK/Scripts/Utility/ConvertUtility.cs
  artifactKey: Guid(dd09fb968b5e7c84c8219cafddcc776a) Importer(2089858483,0ecaa5967403d082aa24f35e1b516d23)
Start importing Assets/NRSDK/Scripts/Utility/ConvertUtility.cs using Guid(dd09fb968b5e7c84c8219cafddcc776a) Importer(2089858483,0ecaa5967403d082aa24f35e1b516d23)  -> (artifact id: '09600723b276f7d08d8ae3dcb05f9207') in 0.004473 seconds
Number of updated asset objects reloaded before import = 0
Number of asset objects unloaded after import = 1
========================================================================
Received Import Request.
  Time since last request: 0.000772 seconds.
  path: Assets/NRSDK/Scripts/Interfaces/Types/NativeKeyEvent.cs
  artifactKey: Guid(447d30223736c4853a9c77767690c3ec) Importer(2089858483,0ecaa5967403d082aa24f35e1b516d23)
Start importing Assets/NRSDK/Scripts/Interfaces/Types/NativeKeyEvent.cs using Guid(447d30223736c4853a9c77767690c3ec) Importer(2089858483,0ecaa5967403d082aa24f35e1b516d23)  -> (artifact id: 'f1f9c861a9f68dd24dd28be4882e0fed') in 0.002722 seconds
Number of updated asset objects reloaded before import = 0
Number of asset objects unloaded after import = 1
========================================================================
Received Import Request.
  Time since last request: 0.000148 seconds.
  path: Assets/NRSDK/Models/Hands/LeftHand.prefab
  artifactKey: Guid(9b6ac72f26cca23468c5876fe2a36ae5) Importer(2089858483,0ecaa5967403d082aa24f35e1b516d23)
Start importing Assets/NRSDK/Models/Hands/LeftHand.prefab using Guid(9b6ac72f26cca23468c5876fe2a36ae5) Importer(2089858483,0ecaa5967403d082aa24f35e1b516d23)  -> (artifact id: 'ce63d48b8bc85692a98fb8a2651480b8') in 0.005310 seconds
Number of updated asset objects reloaded before import = 0
Number of asset objects unloaded after import = 53
========================================================================
Received Import Request.
  Time since last request: 0.000165 seconds.
  path: Assets/NRSDK/Demos/PlayVideo/Scripts/VideoScreen.cs
  artifactKey: Guid(efd03aedf71fdb84e87e191ba29af320) Importer(2089858483,0ecaa5967403d082aa24f35e1b516d23)
Start importing Assets/NRSDK/Demos/PlayVideo/Scripts/VideoScreen.cs using Guid(efd03aedf71fdb84e87e191ba29af320) Importer(2089858483,0ecaa5967403d082aa24f35e1b516d23)  -> (artifact id: '5d0eaf989fd7f5561210c0367fc808c9') in 0.002735 seconds
Number of updated asset objects reloaded before import = 0
Number of asset objects unloaded after import = 1
========================================================================
Received Import Request.
  Time since last request: 0.000081 seconds.
  path: Assets/NRSDK/Demos/HandTracking/Scripts/HandJointColliderEntity.cs
  artifactKey: Guid(25e5621a6acf0fc46aca9972b085b3ac) Importer(2089858483,0ecaa5967403d082aa24f35e1b516d23)
Start importing Assets/NRSDK/Demos/HandTracking/Scripts/HandJointColliderEntity.cs using Guid(25e5621a6acf0fc46aca9972b085b3ac) Importer(2089858483,0ecaa5967403d082aa24f35e1b516d23)  -> (artifact id: 'cef7d264a0c0f2952f5e6f9f8574dd89') in 0.002697 seconds
Number of updated asset objects reloaded before import = 0
Number of asset objects unloaded after import = 1
========================================================================
Received Import Request.
  Time since last request: 0.000113 seconds.
  path: Assets/NRSDK/Scripts/Interfaces/Types/NativeVersion.cs
  artifactKey: Guid(3ced638e0c814b24bb520037953ddfc4) Importer(2089858483,0ecaa5967403d082aa24f35e1b516d23)
Start importing Assets/NRSDK/Scripts/Interfaces/Types/NativeVersion.cs using Guid(3ced638e0c814b24bb520037953ddfc4) Importer(2089858483,0ecaa5967403d082aa24f35e1b516d23)  -> (artifact id: 'b27a4502630f4c0dd99818e304efc577') in 0.011603 seconds
Number of updated asset objects reloaded before import = 0
Number of asset objects unloaded after import = 1
========================================================================
Received Import Request.
  Time since last request: 0.000330 seconds.
  path: Assets/NRSDK/Demos/HelloMR/Materials/Quard.mat
  artifactKey: Guid(a13995a538b9d5c4ea087da2c9d127ad) Importer(2089858483,0ecaa5967403d082aa24f35e1b516d23)
Start importing Assets/NRSDK/Demos/HelloMR/Materials/Quard.mat using Guid(a13995a538b9d5c4ea087da2c9d127ad) Importer(2089858483,0ecaa5967403d082aa24f35e1b516d23)  -> (artifact id: '9be635da39fda22fc24db3635cfc5c5d') in 0.015510 seconds
Number of updated asset objects reloaded before import = 0
Number of asset objects unloaded after import = 2
========================================================================
Received Import Request.
  Time since last request: 0.000093 seconds.
  path: Assets/NRSDK/Textures/Controller-Nebula
  artifactKey: Guid(1ac5f13910982463082f9c87d4d66f33) Importer(2089858483,0ecaa5967403d082aa24f35e1b516d23)
Start importing Assets/NRSDK/Textures/Controller-Nebula using Guid(1ac5f13910982463082f9c87d4d66f33) Importer(2089858483,0ecaa5967403d082aa24f35e1b516d23)  -> (artifact id: 'd089b2fec352190099693ac4557358f0') in 0.005199 seconds
Number of updated asset objects reloaded before import = 0
Number of asset objects unloaded after import = 1
========================================================================
Received Import Request.
  Time since last request: 0.262681 seconds.
  path: Assets/NRSDK/Scripts/Interfaces/Types/NativeResolution.cs
  artifactKey: Guid(9536129f97a4c2549bf760dbb15843de) Importer(2089858483,0ecaa5967403d082aa24f35e1b516d23)
Start importing Assets/NRSDK/Scripts/Interfaces/Types/NativeResolution.cs using Guid(9536129f97a4c2549bf760dbb15843de) Importer(2089858483,0ecaa5967403d082aa24f35e1b516d23)  -> (artifact id: '78cd9cdf7a28d4a24163bc613bb1cb9b') in 0.003585 seconds
Number of updated asset objects reloaded before import = 0
Number of asset objects unloaded after import = 1
========================================================================
Received Import Request.
  Time since last request: 0.000212 seconds.
  path: Assets/TextMesh Pro/Examples & Extras/Fonts/Anton OFL.txt
  artifactKey: Guid(73a79399807f4e8388c2cbb5494681ca) Importer(2089858483,0ecaa5967403d082aa24f35e1b516d23)
Start importing Assets/TextMesh Pro/Examples & Extras/Fonts/Anton OFL.txt using Guid(73a79399807f4e8388c2cbb5494681ca) Importer(2089858483,0ecaa5967403d082aa24f35e1b516d23)  -> (artifact id: 'd3550b2107648434ddbd747d9e483b2b') in 0.002056 seconds
Number of updated asset objects reloaded before import = 0
Number of asset objects unloaded after import = 1
========================================================================
Received Import Request.
  Time since last request: 0.000123 seconds.
  path: Assets/NRSDK/Emulator/Image
  artifactKey: Guid(3a745cbe8c5a1bb4ca7b3db0e7d1c909) Importer(2089858483,0ecaa5967403d082aa24f35e1b516d23)
Start importing Assets/NRSDK/Emulator/Image using Guid(3a745cbe8c5a1bb4ca7b3db0e7d1c909) Importer(2089858483,0ecaa5967403d082aa24f35e1b516d23)  -> (artifact id: 'ad19b4f48de2ed765dfad89f289e561c') in 0.001419 seconds
Number of updated asset objects reloaded before import = 0
Number of asset objects unloaded after import = 1
========================================================================
Received Import Request.
  Time since last request: 0.000128 seconds.
  path: Assets/NRSDK/Resources/Profiller
  artifactKey: Guid(f18002699f765904fa0912be537a03a6) Importer(2089858483,0ecaa5967403d082aa24f35e1b516d23)
Start importing Assets/NRSDK/Resources/Profiller using Guid(f18002699f765904fa0912be537a03a6) Importer(2089858483,0ecaa5967403d082aa24f35e1b516d23)  -> (artifact id: '9827d8cf37e294583afa8aa13c5ebc92') in 0.001530 seconds
Number of updated asset objects reloaded before import = 0
Number of asset objects unloaded after import = 1
========================================================================
Received Import Request.
  Time since last request: 0.000090 seconds.
  path: Assets/NRSDK/Plugins/LitJson/JsonData.cs
  artifactKey: Guid(38a9bd66235df964a8bf046f62fdf635) Importer(2089858483,0ecaa5967403d082aa24f35e1b516d23)
Start importing Assets/NRSDK/Plugins/LitJson/JsonData.cs using Guid(38a9bd66235df964a8bf046f62fdf635) Importer(2089858483,0ecaa5967403d082aa24f35e1b516d23)  -> (artifact id: 'dda4408ed199f8a029771eb6bb506133') in 0.002335 seconds
Number of updated asset objects reloaded before import = 0
Number of asset objects unloaded after import = 1
========================================================================
Received Import Request.
  Time since last request: 0.000125 seconds.
  path: Assets/NRSDK/Scripts/Input/EventSystem/CanvasRaycast
  artifactKey: Guid(ac0c6b4ea1d0066488027094eee90d3c) Importer(2089858483,0ecaa5967403d082aa24f35e1b516d23)
Start importing Assets/NRSDK/Scripts/Input/EventSystem/CanvasRaycast using Guid(ac0c6b4ea1d0066488027094eee90d3c) Importer(2089858483,0ecaa5967403d082aa24f35e1b516d23)  -> (artifact id: '529d2df5466d6d20e8b26e41fc96ad2d') in 0.001644 seconds
Number of updated asset objects reloaded before import = 0
Number of asset objects unloaded after import = 1
========================================================================
Received Import Request.
  Time since last request: 0.000109 seconds.
  path: Assets/NRSDK/Demos/HelloMR/Materials/Shaders
  artifactKey: Guid(f3466e738f3c47d4bbf49aa27081bf86) Importer(2089858483,0ecaa5967403d082aa24f35e1b516d23)
Start importing Assets/NRSDK/Demos/HelloMR/Materials/Shaders using Guid(f3466e738f3c47d4bbf49aa27081bf86) Importer(2089858483,0ecaa5967403d082aa24f35e1b516d23)  -> (artifact id: 'd3ec91fb2f988b7fb3dbf6107e616b03') in 0.001455 seconds
Number of updated asset objects reloaded before import = 0
Number of asset objects unloaded after import = 1
========================================================================
Received Import Request.
  Time since last request: 0.000163 seconds.
  path: Assets/NRSDK/Scripts/Capture/FrameBlender/FrameBlender.cs
  artifactKey: Guid(e1352d64c7825104baeb9b74c0259103) Importer(2089858483,0ecaa5967403d082aa24f35e1b516d23)
Start importing Assets/NRSDK/Scripts/Capture/FrameBlender/FrameBlender.cs using Guid(e1352d64c7825104baeb9b74c0259103) Importer(2089858483,0ecaa5967403d082aa24f35e1b516d23)  -> (artifact id: '0d78e921b2b75f5a0b3e6c0d25fe4977') in 0.003806 seconds
Number of updated asset objects reloaded before import = 0
Number of asset objects unloaded after import = 1
========================================================================
Received Import Request.
  Time since last request: 0.000146 seconds.
  path: Assets/NRSDK/NRSDK.asmdef
  artifactKey: Guid(02229f6652728da45838accf9ce93851) Importer(2089858483,0ecaa5967403d082aa24f35e1b516d23)
Start importing Assets/NRSDK/NRSDK.asmdef using Guid(02229f6652728da45838accf9ce93851) Importer(2089858483,0ecaa5967403d082aa24f35e1b516d23)  -> (artifact id: '6ac22712f007fc1999e879209c4e7c5d') in 0.002207 seconds
Number of updated asset objects reloaded before import = 0
Number of asset objects unloaded after import = 1
========================================================================
Received Import Request.
  Time since last request: 0.000242 seconds.
  path: Assets/NRSDK/Emulator/Materials
  artifactKey: Guid(ac49497e18f032b4286738972bf16d9a) Importer(2089858483,0ecaa5967403d082aa24f35e1b516d23)
Start importing Assets/NRSDK/Emulator/Materials using Guid(ac49497e18f032b4286738972bf16d9a) Importer(2089858483,0ecaa5967403d082aa24f35e1b516d23)  -> (artifact id: 'f5281c5ac0ffa4febc1296b2041b7d58') in 0.001666 seconds
Number of updated asset objects reloaded before import = 0
Number of asset objects unloaded after import = 1
========================================================================
Received Import Request.
  Time since last request: 0.000134 seconds.
  path: Assets/NRSDK/Demos/TrackingImage/Materials/Frame/FrameLowerRight.obj
  artifactKey: Guid(1824455c8ec9e45ceb5a919fe307ab24) Importer(2089858483,0ecaa5967403d082aa24f35e1b516d23)
Start importing Assets/NRSDK/Demos/TrackingImage/Materials/Frame/FrameLowerRight.obj using Guid(1824455c8ec9e45ceb5a919fe307ab24) Importer(2089858483,0ecaa5967403d082aa24f35e1b516d23)  -> (artifact id: 'fe0086323561dc7881e25e19dbf7f4b6') in 0.010598 seconds
Number of updated asset objects reloaded before import = 0
Number of asset objects unloaded after import = 9
========================================================================
Received Import Request.
  Time since last request: 0.000131 seconds.
  path: Assets/NRSDK/Demos/RGBCamera/Materials/YUVTransRGB.shader
  artifactKey: Guid(42e70d032e1e7404cb9c0704d5a6999d) Importer(2089858483,0ecaa5967403d082aa24f35e1b516d23)
Start importing Assets/NRSDK/Demos/RGBCamera/Materials/YUVTransRGB.shader using Guid(42e70d032e1e7404cb9c0704d5a6999d) Importer(2089858483,0ecaa5967403d082aa24f35e1b516d23)  -> (artifact id: '27b49e22944d79604d37727ce8021794') in 0.006724 seconds
Number of updated asset objects reloaded before import = 0
Number of asset objects unloaded after import = 1
========================================================================
Received Import Request.
  Time since last request: 0.000150 seconds.
  path: Assets/NRSDK/Demos/HelloMR/Prefabs/DemoScenesMenu.prefab
  artifactKey: Guid(0f966eaff65774345a8662b034a7c0e2) Importer(2089858483,0ecaa5967403d082aa24f35e1b516d23)
Start importing Assets/NRSDK/Demos/HelloMR/Prefabs/DemoScenesMenu.prefab using Guid(0f966eaff65774345a8662b034a7c0e2) Importer(2089858483,0ecaa5967403d082aa24f35e1b516d23)  -> (artifact id: '2aea671b45c87b097b8aac8df7b3723d') in 0.011944 seconds
Number of updated asset objects reloaded before import = 0
Number of asset objects unloaded after import = 134
========================================================================
Received Import Request.
  Time since last request: 0.000223 seconds.
  path: Assets/NRSDK/Scripts/Input/Hands/HandStatesService/NRHandStatesService.cs
  artifactKey: Guid(0178c53976a3aae4799bb5ae80f736e4) Importer(2089858483,0ecaa5967403d082aa24f35e1b516d23)
Start importing Assets/NRSDK/Scripts/Input/Hands/HandStatesService/NRHandStatesService.cs using Guid(0178c53976a3aae4799bb5ae80f736e4) Importer(2089858483,0ecaa5967403d082aa24f35e1b516d23)  -> (artifact id: '280b61898f03376279e9f7054df15b60') in 0.004086 seconds
Number of updated asset objects reloaded before import = 0
Number of asset objects unloaded after import = 1
========================================================================
Received Import Request.
  Time since last request: 0.000211 seconds.
  path: Assets/NRSDK/Scripts/Input/Hands/HandVisuals/NRHandMeshJointConfig.cs
  artifactKey: Guid(b03e775cd4f58b34f9025026809416d2) Importer(2089858483,0ecaa5967403d082aa24f35e1b516d23)
Start importing Assets/NRSDK/Scripts/Input/Hands/HandVisuals/NRHandMeshJointConfig.cs using Guid(b03e775cd4f58b34f9025026809416d2) Importer(2089858483,0ecaa5967403d082aa24f35e1b516d23)  -> (artifact id: '7d8e907f5dd39b1dc043168a9e64ebc4') in 0.002657 seconds
Number of updated asset objects reloaded before import = 0
Number of asset objects unloaded after import = 1
========================================================================
Received Import Request.
  Time since last request: 0.000110 seconds.
  path: Assets/NRSDK/Scripts/Input/Controller/ControllerVisuals
  artifactKey: Guid(a3be75b0f7430684fbf26fe788a9af12) Importer(2089858483,0ecaa5967403d082aa24f35e1b516d23)
Start importing Assets/NRSDK/Scripts/Input/Controller/ControllerVisuals using Guid(a3be75b0f7430684fbf26fe788a9af12) Importer(2089858483,0ecaa5967403d082aa24f35e1b516d23)  -> (artifact id: 'e2d1bfab826a4753064f54e5a75b38ca') in 0.001743 seconds
Number of updated asset objects reloaded before import = 0
Number of asset objects unloaded after import = 1
========================================================================
Received Import Request.
  Time since last request: 0.000337 seconds.
  path: Assets/NRSDK/Resources/Record/Textures
  artifactKey: Guid(ec2a04765f282a141b540183498df81e) Importer(2089858483,0ecaa5967403d082aa24f35e1b516d23)
Start importing Assets/NRSDK/Resources/Record/Textures using Guid(ec2a04765f282a141b540183498df81e) Importer(2089858483,0ecaa5967403d082aa24f35e1b516d23)  -> (artifact id: '2b2ec7ec1b8feacd391ae02f856c2d6c') in 0.001726 seconds
Number of updated asset objects reloaded before import = 0
Number of asset objects unloaded after import = 1
========================================================================
Received Import Request.
  Time since last request: 0.000170 seconds.
  path: Assets/NRSDK/Demos/ThirdPartySlam/Scripts
  artifactKey: Guid(0de08fd1b72d74d15a146d968d80c1d2) Importer(2089858483,0ecaa5967403d082aa24f35e1b516d23)
Start importing Assets/NRSDK/Demos/ThirdPartySlam/Scripts using Guid(0de08fd1b72d74d15a146d968d80c1d2) Importer(2089858483,0ecaa5967403d082aa24f35e1b516d23)  -> (artifact id: '54c3778d65e0d31d7c4d62be5716e044') in 0.001409 seconds
Number of updated asset objects reloaded before import = 0
Number of asset objects unloaded after import = 1
========================================================================
Received Import Request.
  Time since last request: 0.000181 seconds.
  path: Assets/NRSDK/Scripts/Utility/UnityExtendedUtility.cs
  artifactKey: Guid(9f3e3d93334741944a8c435b1e522ac9) Importer(2089858483,0ecaa5967403d082aa24f35e1b516d23)
Start importing Assets/NRSDK/Scripts/Utility/UnityExtendedUtility.cs using Guid(9f3e3d93334741944a8c435b1e522ac9) Importer(2089858483,0ecaa5967403d082aa24f35e1b516d23)  -> (artifact id: 'dea40b4d314813bf6a4b76dc2048ad22') in 0.003735 seconds
Number of updated asset objects reloaded before import = 0
Number of asset objects unloaded after import = 1
========================================================================
Received Import Request.
  Time since last request: 0.000160 seconds.
  path: Assets/NRSDK/Scripts/Input/Controller/ControllerVisuals/IControllerVisual.cs
  artifactKey: Guid(fc52be62f652dcb42b0359d22bcf599a) Importer(2089858483,0ecaa5967403d082aa24f35e1b516d23)
Start importing Assets/NRSDK/Scripts/Input/Controller/ControllerVisuals/IControllerVisual.cs using Guid(fc52be62f652dcb42b0359d22bcf599a) Importer(2089858483,0ecaa5967403d082aa24f35e1b516d23)  -> (artifact id: '2253b2599b40231ca3d472315949e3e3') in 0.002830 seconds
Number of updated asset objects reloaded before import = 0
Number of asset objects unloaded after import = 1
========================================================================
Received Import Request.
  Time since last request: 0.000124 seconds.
  path: Assets/NRSDK/Demos/RGBCamera/Materials/UVCTex.mat
  artifactKey: Guid(b8392d5b07c7c714a886e880400540c5) Importer(2089858483,0ecaa5967403d082aa24f35e1b516d23)
Start importing Assets/NRSDK/Demos/RGBCamera/Materials/UVCTex.mat using Guid(b8392d5b07c7c714a886e880400540c5) Importer(2089858483,0ecaa5967403d082aa24f35e1b516d23)  -> (artifact id: '4926d7e8d8184403d17cd03a84ba194c') in 0.002898 seconds
Number of updated asset objects reloaded before import = 0
Number of asset objects unloaded after import = 1
========================================================================
Received Prepare
Refreshing native plugins compatible for Editor in 4.76 ms, found 2 plugins.
Preloading 0 native plugins for Editor in 0.00 ms.
Unloading 0 Unused Serialized files (Serialized files now loaded: 0)
Unloading 4 unused Assets / (22.4 KB). Loaded Objects now: 3920.
Memory consumption went from 82.1 MB to 82.1 MB.
Total: 3.116125 ms (FindLiveObjects: 0.128334 ms CreateObjectMapping: 0.049583 ms MarkObjects: 2.871292 ms  DeleteObjects: 0.066667 ms)

Prepare: number of updated asset objects reloaded= 0
AssetImportParameters requested are different than current active one (requested -> active):
  custom:container-demuxer-ogg: 62fdf1f143b41e24485cea50d1cbac27 -> 
  custom:video-decoder-ogg-theora: a1e56fd34408186e4bbccfd4996cb3dc -> 
  custom:CustomObjectIndexerAttribute: 756ad292c208cfabdd7b50bc23989ffe -> 
  custom:container-demuxer-webm: 4f35f7cbe854078d1ac9338744f61a02 -> 
  custom:container-muxer-webm: aa71ff27fc2769a1b78a27578f13a17b -> 
  custom:video-decoder-webm-vp8: 9c59270c3fd7afecdb556c50c9e8de78 -> 
  custom:SearchIndexIgnoredProperties: e643bd26f0fe6173181afceb89e7c659 -> 
  custom:AudioImporter_EditorPlatform: 3918e3fc78b5a79bad01e8451be0beb8 -> 
  custom:framework-osx-AVFoundation: e770b220cccbd017edd2c1fefb359320 -> 
  custom:video-encoder-webm-vp8: eb34c28f22e8b96e1ab97ce403110664 -> 
  custom:audio-decoder-ogg-vorbis: bf7c407c2cedff20999df2af8eb42d56 -> 
  custom:audio-encoder-webm-vorbis: bf7c407c2cedff20999df2af8eb42d56 -> 
========================================================================
Received Import Request.
  Time since last request: 490.044832 seconds.
  path: Assets/TextMesh Pro
  artifactKey: Guid(f54d1bd14bd3ca042bd867b519fee8cc) Importer(815301076,1909f56bfc062723c751e8b465ee728b)
Start importing Assets/TextMesh Pro using Guid(f54d1bd14bd3ca042bd867b519fee8cc) Importer(815301076,1909f56bfc062723c751e8b465ee728b)  -> (artifact id: '30796653c4dfc1f2480bca9d8b60487c') in 0.001537 seconds
Number of updated asset objects reloaded before import = 0
Number of asset objects unloaded after import = 0
========================================================================
Received Import Request.
  Time since last request: 7.190893 seconds.
  path: Assets/NRSDK
  artifactKey: Guid(01cad2a8eb05344d2b1c9b4a516b4965) Importer(815301076,1909f56bfc062723c751e8b465ee728b)
Start importing Assets/NRSDK using Guid(01cad2a8eb05344d2b1c9b4a516b4965) Importer(815301076,1909f56bfc062723c751e8b465ee728b)  -> (artifact id: '540dbc94187f01664794ba022c8815bb') in 0.000896 seconds
Number of updated asset objects reloaded before import = 0
Number of asset objects unloaded after import = 0
========================================================================
Received Import Request.
  Time since last request: 0.117283 seconds.
  path: Assets/NRSDK/NRKernalSessionConfig.asset
  artifactKey: Guid(27d90d2c2ddcd074ca3e384fea9d08ca) Importer(815301076,1909f56bfc062723c751e8b465ee728b)
Start importing Assets/NRSDK/NRKernalSessionConfig.asset using Guid(27d90d2c2ddcd074ca3e384fea9d08ca) Importer(815301076,1909f56bfc062723c751e8b465ee728b)  -> (artifact id: '3c3d90a1cc1fa65a8b2743f7ea92b614') in 0.046563 seconds
Number of updated asset objects reloaded before import = 0
Number of asset objects unloaded after import = 69
========================================================================
Received Import Request.
  Time since last request: 2.596755 seconds.
  path: Assets/Plugins
  artifactKey: Guid(a3d265575cc092142812177db0de90b8) Importer(815301076,1909f56bfc062723c751e8b465ee728b)
Start importing Assets/Plugins using Guid(a3d265575cc092142812177db0de90b8) Importer(815301076,1909f56bfc062723c751e8b465ee728b)  -> (artifact id: 'eecf955458ee279adb2a77b047745ee9') in 0.000716 seconds
Number of updated asset objects reloaded before import = 0
Number of asset objects unloaded after import = 0
========================================================================
Received Prepare
Begin MonoManager ReloadAssembly
Thread 0x2aefcf000 may have been prematurely finalized
Symbol file LoadedFromMemory doesn't match image /Users/seohangyeol/Documents/2023-1학기/졸업작품/UnityApp/Library/PackageCache/com.unity.visualscripting@1.8.0/Editor/VisualScripting.Core/Dependencies/YamlDotNet/Unity.VisualScripting.YamlDotNet.dll
Symbol file LoadedFromMemory doesn't match image /Users/seohangyeol/Documents/2023-1학기/졸업작품/UnityApp/Library/PackageCache/com.unity.visualscripting@1.8.0/Editor/VisualScripting.Core/Dependencies/DotNetZip/Unity.VisualScripting.IonicZip.dll
- Loaded All Assemblies, in  0.547 seconds
Refreshing native plugins compatible for Editor in 1.49 ms, found 2 plugins.
Native extension for Android target not found
Native extension for OSXStandalone target not found
Mono: successfully reloaded assembly
- Finished resetting the current domain, in  0.712 seconds
Domain Reload Profiling: 1259ms
	BeginReloadAssembly (121ms)
		ExecutionOrderSort (0ms)
		DisableScriptedObjects (4ms)
		BackupInstance (0ms)
		ReleaseScriptingObjects (0ms)
		CreateAndSetChildDomain (52ms)
	RebuildCommonClasses (28ms)
	RebuildNativeTypeToScriptingClass (10ms)
	initialDomainReloadingComplete (17ms)
	LoadAllAssembliesAndSetupDomain (371ms)
		LoadAssemblies (172ms)
		RebuildTransferFunctionScriptingTraits (0ms)
		AnalyzeDomain (238ms)
			TypeCache.Refresh (233ms)
				TypeCache.ScanAssembly (220ms)
			ScanForSourceGeneratedMonoScriptInfo (0ms)
			ResolveRequiredComponents (6ms)
	FinalizeReload (712ms)
		ReleaseScriptCaches (0ms)
		RebuildScriptCaches (0ms)
		SetupLoadedEditorAssemblies (228ms)
			LogAssemblyErrors (0ms)
			InitializePlatformSupportModulesInManaged (16ms)
			SetLoadedEditorAssemblies (3ms)
			RefreshPlugins (0ms)
			BeforeProcessingInitializeOnLoad (48ms)
			ProcessInitializeOnLoadAttributes (147ms)
			ProcessInitializeOnLoadMethodAttributes (13ms)
			AfterProcessingInitializeOnLoad (1ms)
			EditorAssembliesLoaded (0ms)
		ExecutionOrderSort2 (0ms)
		AwakeInstancesAfterBackupRestoration (3ms)
Refreshing native plugins compatible for Editor in 1.72 ms, found 2 plugins.
Preloading 0 native plugins for Editor in 0.00 ms.
Unloading 3417 Unused Serialized files (Serialized files now loaded: 0)
Unloading 36 unused Assets / (39.0 KB). Loaded Objects now: 3924.
Memory consumption went from 138.9 MB to 138.8 MB.
Total: 2.696209 ms (FindLiveObjects: 0.143459 ms CreateObjectMapping: 0.050291 ms MarkObjects: 2.436750 ms  DeleteObjects: 0.065167 ms)

Prepare: number of updated asset objects reloaded= 0
AssetImportParameters requested are different than current active one (requested -> active):
  custom:container-demuxer-ogg: 62fdf1f143b41e24485cea50d1cbac27 -> 
  custom:video-decoder-ogg-theora: a1e56fd34408186e4bbccfd4996cb3dc -> 
  custom:CustomObjectIndexerAttribute: 756ad292c208cfabdd7b50bc23989ffe -> 
  custom:container-demuxer-webm: 4f35f7cbe854078d1ac9338744f61a02 -> 
  custom:container-muxer-webm: aa71ff27fc2769a1b78a27578f13a17b -> 
  custom:video-decoder-webm-vp8: 9c59270c3fd7afecdb556c50c9e8de78 -> 
  custom:SearchIndexIgnoredProperties: e643bd26f0fe6173181afceb89e7c659 -> 
  custom:AudioImporter_EditorPlatform: 3918e3fc78b5a79bad01e8451be0beb8 -> 
  custom:framework-osx-AVFoundation: e770b220cccbd017edd2c1fefb359320 -> 
  custom:video-encoder-webm-vp8: eb34c28f22e8b96e1ab97ce403110664 -> 
  custom:audio-decoder-ogg-vorbis: bf7c407c2cedff20999df2af8eb42d56 -> 
  custom:audio-encoder-webm-vorbis: bf7c407c2cedff20999df2af8eb42d56 -> 
